[00:34:40.246][info] [#0:C:/Users/anshu/AppData/Local/nvim-data/mason/packages/lua-language-server\main.lua:68]: Lua Lsp startup, root: 	C:/Users/anshu/AppData/Local/nvim-data/mason/packages/lua-language-server
[00:34:40.247][info] [#0:C:/Users/anshu/AppData/Local/nvim-data/mason/packages/lua-language-server\main.lua:69]: ROOT:	C:/Users/anshu/AppData/Local/nvim-data/mason/packages/lua-language-server
[00:34:40.247][info] [#0:C:/Users/anshu/AppData/Local/nvim-data/mason/packages/lua-language-server\main.lua:70]: LOGPATH:	C:/Users/anshu/AppData/Local/nvim-data/mason/packages/lua-language-server/log
[00:34:40.247][info] [#0:C:/Users/anshu/AppData/Local/nvim-data/mason/packages/lua-language-server\main.lua:71]: METAPATH:	C:/Users/anshu/AppData/Local/nvim-data/mason/packages/lua-language-server/meta
[00:34:40.248][info] [#0:C:/Users/anshu/AppData/Local/nvim-data/mason/packages/lua-language-server\main.lua:72]: VERSION:	3.9.3
[00:34:40.301][info] [#0:script\proto\proto.lua:234]: Listen Mode: stdio
[00:34:40.302][info] [#0:script\service\service.lua:145]: 
========= Medical Examination Report =========
    --------------- Memory ---------------
        Total: 2.202 MB
        # 00 : 2.202 MB
        # 01 : 0.000 MB
        # 02 : 0.000 MB
        # 03 : 0.000 MB
        # 04 : 0.000 MB
    --------------- Coroutine ---------------
        Total:     0
        Running:   0
        Suspended: 0
        Normal:    0
        Dead:      0
    --------------- Cache ---------------
        Total: 1
        Dead:  0
    ---------------  RPC  ---------------
        Holdon:   0
        Waiting:  0
==============================================
[00:34:40.312][info] [#0:script\client.lua:657]: Client init	{
  capabilities = {
    general = {
      positionEncodings = { "utf-16" }
    },
    textDocument = {
      callHierarchy = {
        dynamicRegistration = false
      },
      codeAction = {
        codeActionLiteralSupport = {
          codeActionKind = {
            valueSet = { "", "quickfix", "refactor", "refactor.extract", "refactor.inline", "refactor.rewrite", "source", "source.organizeImports" }
          }
        },
        dataSupport = true,
        dynamicRegistration = true,
        isPreferredSupport = true,
        resolveSupport = {
          properties = { "edit" }
        }
      },
      completion = {
        completionItem = {
          commitCharactersSupport = true,
          deprecatedSupport = true,
          documentationFormat = { "markdown", "plaintext" },
          insertReplaceSupport = true,
          insertTextModeSupport = {
            valueSet = { 1, 2 }
          },
          labelDetailsSupport = true,
          preselectSupport = true,
          resolveSupport = {
            properties = { "documentation", "detail", "additionalTextEdits", "sortText", "filterText", "insertText", "textEdit", "insertTextFormat", "insertTextMode" }
          },
          snippetSupport = true,
          tagSupport = {
            valueSet = { 1 }
          }
        },
        completionItemKind = {
          valueSet = { 1, 2, 3, 4, 5, 6, 7, 8, 9, 10, 11, 12, 13, 14, 15, 16, 17, 18, 19, 20, 21, 22, 23, 24, 25 }
        },
        completionList = {
          itemDefaults = { "commitCharacters", "editRange", "insertTextFormat", "insertTextMode", "data" }
        },
        contextSupport = true,
        dynamicRegistration = false,
        insertTextMode = 1
      },
      declaration = {
        linkSupport = true
      },
      definition = {
        dynamicRegistration = true,
        linkSupport = true
      },
      diagnostic = {
        dynamicRegistration = false
      },
      documentHighlight = {
        dynamicRegistration = false
      },
      documentSymbol = {
        dynamicRegistration = false,
        hierarchicalDocumentSymbolSupport = true,
        symbolKind = {
          valueSet = { 1, 2, 3, 4, 5, 6, 7, 8, 9, 10, 11, 12, 13, 14, 15, 16, 17, 18, 19, 20, 21, 22, 23, 24, 25, 26 }
        }
      },
      formatting = {
        dynamicRegistration = true
      },
      hover = {
        contentFormat = { "markdown", "plaintext" },
        dynamicRegistration = true
      },
      implementation = {
        linkSupport = true
      },
      inlayHint = {
        dynamicRegistration = true,
        resolveSupport = {
          properties = { "textEdits", "tooltip", "location", "command" }
        }
      },
      publishDiagnostics = {
        dataSupport = true,
        relatedInformation = true,
        tagSupport = {
          valueSet = { 1, 2 }
        }
      },
      rangeFormatting = {
        dynamicRegistration = true
      },
      references = {
        dynamicRegistration = false
      },
      rename = {
        dynamicRegistration = true,
        prepareSupport = true
      },
      semanticTokens = {
        augmentsSyntaxTokens = true,
        dynamicRegistration = false,
        formats = { "relative" },
        multilineTokenSupport = false,
        overlappingTokenSupport = true,
        requests = {
          full = {
            delta = true
          },
          range = false
        },
        serverCancelSupport = false,
        tokenModifiers = { "declaration", "definition", "readonly", "static", "deprecated", "abstract", "async", "modification", "documentation", "defaultLibrary" },
        tokenTypes = { "namespace", "type", "class", "enum", "interface", "struct", "typeParameter", "parameter", "variable", "property", "enumMember", "event", "function", "method", "macro", "keyword", "modifier", "comment", "string", "number", "regexp", "operator", "decorator" }
      },
      signatureHelp = {
        dynamicRegistration = false,
        signatureInformation = {
          activeParameterSupport = true,
          documentationFormat = { "markdown", "plaintext" },
          parameterInformation = {
            labelOffsetSupport = true
          }
        }
      },
      synchronization = {
        didSave = true,
        dynamicRegistration = false,
        willSave = true,
        willSaveWaitUntil = true
      },
      typeDefinition = {
        linkSupport = true
      }
    },
    window = {
      showDocument = {
        support = true
      },
      showMessage = {
        messageActionItem = {
          additionalPropertiesSupport = false
        }
      },
      workDoneProgress = true
    },
    workspace = {
      applyEdit = true,
      configuration = true,
      didChangeConfiguration = {
        dynamicRegistration = false
      },
      didChangeWatchedFiles = {
        dynamicRegistration = true,
        relativePatternSupport = true
      },
      fileOperations = {
        didRename = true,
        willRename = true
      },
      inlayHint = {
        refreshSupport = true
      },
      semanticTokens = {
        refreshSupport = true
      },
      symbol = {
        dynamicRegistration = false,
        symbolKind = {
          valueSet = { 1, 2, 3, 4, 5, 6, 7, 8, 9, 10, 11, 12, 13, 14, 15, 16, 17, 18, 19, 20, 21, 22, 23, 24, 25, 26 }
        }
      },
      workspaceEdit = {
        resourceOperations = { "rename", "create", "delete" }
      },
      workspaceFolders = true
    }
  },
  clientInfo = {
    name = "Neovim",
    version = "0.10.0-dev+g27fb62988"
  },
  initializationOptions = {},
  processId = 30416,
  rootPath = "C:\\Program Files\\Neovim\\share\\nvim\\runtime",
  rootUri = "file:///C:/Program%20Files/Neovim/share/nvim/runtime",
  trace = "off",
  workDoneToken = "1",
  workspaceFolders = { {
      name = "C:/Program Files/Neovim/share/nvim/runtime",
      uri = "file:///C:/Program%20Files/Neovim/share/nvim/runtime"
    } }
}
[00:34:40.313][info] [#0:script\language.lua:137]: VSC language: nil
[00:34:40.313][info] [#0:script\language.lua:138]: LS  language: en-us
[00:34:40.313][info] [#0:script\workspace\workspace.lua:38]: Workspace init root: 	file:///C:/Program%20Files/Neovim/share/nvim/runtime
[00:34:40.313][info] [#0:script\workspace\workspace.lua:42]: Log path: 	C:/Users/anshu/AppData/Local/nvim-data/mason/packages/lua-language-server/log/file_C_Program%20Files_Neovim_share_nvim_runtime.log
[00:34:40.331][info] [#0:script\workspace\workspace.lua:48]: Workspace create: 	file:///c%3A/Program%20Files/Neovim/share/nvim/runtime
[00:34:44.524][info] [#0:script\provider\provider.lua:46]: Load config from client	file:///c%3A/Program%20Files/Neovim/share/nvim/runtime
[00:34:44.524][info] [#0:script\provider\provider.lua:47]: {
  Lua = {
    codeLens = {
      enable = true
    },
    completion = {
      callSnippet = "Replace"
    },
    doc = {
      privateName = { "^_" }
    },
    hint = {
      arrayIndex = "Disable",
      enable = true,
      paramName = "Disable",
      paramType = true,
      semicolon = "Disable",
      setType = false
    },
    runtime = {
      path = { "?.lua", "?/init.lua" },
      pathStrict = true,
      version = "LuaJIT"
    },
    workspace = {
      checkThirdParty = false,
      ignoreDir = { "/lua" },
      library = { "c:/Program Files/Neovim/share/nvim/runtime/lua" }
    }
  }
}
[00:34:44.525][info] [#0:script\provider\provider.lua:46]: Load config from client	file:///c%3A/Program%20Files/Neovim/share/nvim/runtime
[00:34:44.525][info] [#0:script\provider\provider.lua:47]: {
  Lua = {
    codeLens = {
      enable = true
    },
    completion = {
      callSnippet = "Replace"
    },
    doc = {
      privateName = { "^_" }
    },
    hint = {
      arrayIndex = "Disable",
      enable = true,
      paramName = "Disable",
      paramType = true,
      semicolon = "Disable",
      setType = false
    },
    runtime = {
      path = { "?.lua", "?/init.lua" },
      pathStrict = true,
      version = "LuaJIT"
    },
    workspace = {
      checkThirdParty = false,
      ignoreDir = { "/lua" },
      library = { "c:/Program Files/Neovim/share/nvim/runtime/lua" }
    }
  }
}
[00:34:47.448][info] [#0:script\provider\provider.lua:46]: Load config from client	file:///c%3A/Program%20Files/Neovim/share/nvim/runtime
[00:34:47.449][info] [#0:script\provider\provider.lua:47]: {
  Lua = {
    codeLens = {
      enable = true
    },
    completion = {
      callSnippet = "Replace"
    },
    doc = {
      privateName = { "^_" }
    },
    hint = {
      arrayIndex = "Disable",
      enable = true,
      paramName = "Disable",
      paramType = true,
      semicolon = "Disable",
      setType = false
    },
    runtime = {
      path = { "?.lua", "?/init.lua" },
      pathStrict = true,
      version = "LuaJIT"
    },
    workspace = {
      checkThirdParty = false,
      ignoreDir = { "/lua" },
      library = { "c:/Program Files/Neovim/share/nvim/runtime/lua" }
    }
  }
}
[00:34:47.449][warn] [#0:script\config\loader.lua:116]: No config?	{}
[00:34:47.449][info] [#0:script\provider\provider.lua:61]: Load config from client	fallback
[00:34:47.449][info] [#0:script\provider\provider.lua:62]: nil
[00:34:47.450][warn] [#0:script\config\loader.lua:116]: No config?	{}
[00:34:47.450][info] [#0:script\provider\provider.lua:61]: Load config from client	fallback
[00:34:47.450][info] [#0:script\provider\provider.lua:62]: nil
[00:34:47.450][warn] [#0:script\proto\proto.lua:187]: Method [initialized] takes [3.600]sec. {
  jsonrpc = "2.0",
  method = "initialized",
  params = {}
}
[00:34:47.451][warn] [#0:script\proto\proto.lua:187]: Method [workspace/didChangeConfiguration] takes [3.487]sec. {
  jsonrpc = "2.0",
  method = "workspace/didChangeConfiguration",
  params = {
    settings = {
      Lua = {
        codeLens = {
          enable = true
        },
        completion = {
          callSnippet = "Replace"
        },
        doc = {
          privateName = { "^_" }
        },
        hint = {
          arrayIndex = "Disable",
          enable = true,
          paramName = "Disable",
          paramType = true,
          semicolon = "Disable",
          setType = false
        },
        workspace = {
          checkThirdParty = false
        }
      }
    }
  }
}
[00:34:47.581][info] [#0:script\library.lua:212]: Init builtin library at:	file:///c%3A/Program%20Files/Neovim/share/nvim/runtime
[00:34:47.608][info] [#0:script\library.lua:212]: Init builtin library at:	nil
[00:34:47.734][info] [#0:script\workspace\workspace.lua:324]: Preload start:	file:///c%3A/Program%20Files/Neovim/share/nvim/runtime
[00:34:47.745][info] [#0:script\workspace\workspace.lua:330]: Scan files at:	file:///c%3A/Program%20Files/Neovim/share/nvim/runtime
[00:34:47.746][info] [#0:script\workspace\workspace.lua:324]: Preload start:	<fallback>
[00:34:47.749][info] [#0:script\workspace\workspace.lua:353]: Scan library at:	file:///c%3A/Users/anshu/AppData/Local/nvim-data/mason/packages/lua-language-server/meta/Lua%205.4%20en-us%20utf8/table.lua
[00:34:47.750][info] [#0:script\workspace\workspace.lua:353]: Scan library at:	file:///c%3A/Users/anshu/AppData/Local/nvim-data/mason/packages/lua-language-server/meta/Lua%205.4%20en-us%20utf8/os.lua
[00:34:47.751][info] [#0:script\workspace\workspace.lua:353]: Scan library at:	file:///c%3A/Users/anshu/AppData/Local/nvim-data/mason/packages/lua-language-server/meta/Lua%205.4%20en-us%20utf8/string.lua
[00:34:47.751][info] [#0:script\workspace\workspace.lua:353]: Scan library at:	file:///c%3A/Users/anshu/AppData/Local/nvim-data/mason/packages/lua-language-server/meta/Lua%205.4%20en-us%20utf8/debug.lua
[00:34:47.752][info] [#0:script\workspace\workspace.lua:353]: Scan library at:	file:///c%3A/Users/anshu/AppData/Local/nvim-data/mason/packages/lua-language-server/meta/Lua%205.4%20en-us%20utf8/math.lua
[00:34:47.753][info] [#0:script\workspace\workspace.lua:353]: Scan library at:	file:///c%3A/Users/anshu/AppData/Local/nvim-data/mason/packages/lua-language-server/meta/Lua%205.4%20en-us%20utf8/package.lua
[00:34:47.754][info] [#0:script\workspace\workspace.lua:353]: Scan library at:	file:///c%3A/Users/anshu/AppData/Local/nvim-data/mason/packages/lua-language-server/meta/Lua%205.4%20en-us%20utf8/utf8.lua
[00:34:47.755][info] [#0:script\workspace\workspace.lua:353]: Scan library at:	file:///c%3A/Users/anshu/AppData/Local/nvim-data/mason/packages/lua-language-server/meta/Lua%205.4%20en-us%20utf8/builtin.lua
[00:34:47.764][info] [#0:script\workspace\workspace.lua:353]: Scan library at:	file:///c%3A/Users/anshu/AppData/Local/nvim-data/mason/packages/lua-language-server/meta/Lua%205.4%20en-us%20utf8/basic.lua
[00:34:47.764][info] [#0:script\workspace\workspace.lua:353]: Scan library at:	file:///c%3A/Users/anshu/AppData/Local/nvim-data/mason/packages/lua-language-server/meta/Lua%205.4%20en-us%20utf8/coroutine.lua
[00:34:47.765][info] [#0:script\workspace\workspace.lua:353]: Scan library at:	file:///c%3A/Users/anshu/AppData/Local/nvim-data/mason/packages/lua-language-server/meta/Lua%205.4%20en-us%20utf8/io.lua
[00:34:47.866][info] [#0:script\workspace\workspace.lua:379]: Found 11 files at:	<fallback>
[00:34:47.866][info] [#0:script\workspace\loading.lua:161]: Load files from disk:	<fallback>
[00:34:47.869][info] [#0:script\workspace\loading.lua:101]: Preload file at: file:///c%3A/Users/anshu/AppData/Local/nvim-data/mason/packages/lua-language-server/meta/Lua%205.4%20en-us%20utf8/coroutine.lua , size = 2.590 KB
[00:34:47.872][info] [#0:script\workspace\loading.lua:113]: ++++As library of:	file:///c%3A/Users/anshu/AppData/Local/nvim-data/mason/packages/lua-language-server/meta/Lua%205.4%20en-us%20utf8/coroutine.lua
[00:34:47.872][info] [#0:script\workspace\loading.lua:101]: Preload file at: file:///c%3A/Users/anshu/AppData/Local/nvim-data/mason/packages/lua-language-server/meta/Lua%205.4%20en-us%20utf8/io.lua , size = 6.364 KB
[00:34:47.881][info] [#0:script\workspace\loading.lua:113]: ++++As library of:	file:///c%3A/Users/anshu/AppData/Local/nvim-data/mason/packages/lua-language-server/meta/Lua%205.4%20en-us%20utf8/io.lua
[00:34:47.881][info] [#0:script\workspace\loading.lua:101]: Preload file at: file:///c%3A/Users/anshu/AppData/Local/nvim-data/mason/packages/lua-language-server/meta/Lua%205.4%20en-us%20utf8/basic.lua , size = 15.619 KB
[00:34:47.896][info] [#0:script\workspace\loading.lua:113]: ++++As library of:	file:///c%3A/Users/anshu/AppData/Local/nvim-data/mason/packages/lua-language-server/meta/Lua%205.4%20en-us%20utf8/basic.lua
[00:34:47.896][info] [#0:script\workspace\loading.lua:101]: Preload file at: file:///c%3A/Users/anshu/AppData/Local/nvim-data/mason/packages/lua-language-server/meta/Lua%205.4%20en-us%20utf8/utf8.lua , size = 2.386 KB
[00:34:47.898][info] [#0:script\workspace\loading.lua:113]: ++++As library of:	file:///c%3A/Users/anshu/AppData/Local/nvim-data/mason/packages/lua-language-server/meta/Lua%205.4%20en-us%20utf8/utf8.lua
[00:34:47.898][info] [#0:script\workspace\loading.lua:101]: Preload file at: file:///c%3A/Users/anshu/AppData/Local/nvim-data/mason/packages/lua-language-server/meta/Lua%205.4%20en-us%20utf8/builtin.lua , size = 0.302 KB
[00:34:47.900][info] [#0:script\workspace\loading.lua:113]: ++++As library of:	file:///c%3A/Users/anshu/AppData/Local/nvim-data/mason/packages/lua-language-server/meta/Lua%205.4%20en-us%20utf8/builtin.lua
[00:34:47.900][info] [#0:script\workspace\loading.lua:101]: Preload file at: file:///c%3A/Users/anshu/AppData/Local/nvim-data/mason/packages/lua-language-server/meta/Lua%205.4%20en-us%20utf8/package.lua , size = 2.944 KB
[00:34:47.902][info] [#0:script\workspace\loading.lua:113]: ++++As library of:	file:///c%3A/Users/anshu/AppData/Local/nvim-data/mason/packages/lua-language-server/meta/Lua%205.4%20en-us%20utf8/package.lua
[00:34:47.903][info] [#0:script\workspace\loading.lua:101]: Preload file at: file:///c%3A/Users/anshu/AppData/Local/nvim-data/mason/packages/lua-language-server/meta/Lua%205.4%20en-us%20utf8/math.lua , size = 8.509 KB
[00:34:47.910][info] [#0:script\workspace\loading.lua:113]: ++++As library of:	file:///c%3A/Users/anshu/AppData/Local/nvim-data/mason/packages/lua-language-server/meta/Lua%205.4%20en-us%20utf8/math.lua
[00:34:47.910][info] [#0:script\workspace\loading.lua:101]: Preload file at: file:///c%3A/Users/anshu/AppData/Local/nvim-data/mason/packages/lua-language-server/meta/Lua%205.4%20en-us%20utf8/debug.lua , size = 7.637 KB
[00:34:47.916][info] [#0:script\workspace\loading.lua:113]: ++++As library of:	file:///c%3A/Users/anshu/AppData/Local/nvim-data/mason/packages/lua-language-server/meta/Lua%205.4%20en-us%20utf8/debug.lua
[00:34:47.917][info] [#0:script\workspace\loading.lua:101]: Preload file at: file:///c%3A/Users/anshu/AppData/Local/nvim-data/mason/packages/lua-language-server/meta/Lua%205.4%20en-us%20utf8/string.lua , size = 6.341 KB
[00:34:47.926][info] [#0:script\workspace\loading.lua:113]: ++++As library of:	file:///c%3A/Users/anshu/AppData/Local/nvim-data/mason/packages/lua-language-server/meta/Lua%205.4%20en-us%20utf8/string.lua
[00:34:47.926][info] [#0:script\workspace\loading.lua:101]: Preload file at: file:///c%3A/Users/anshu/AppData/Local/nvim-data/mason/packages/lua-language-server/meta/Lua%205.4%20en-us%20utf8/os.lua , size = 5.600 KB
[00:34:47.931][info] [#0:script\workspace\loading.lua:113]: ++++As library of:	file:///c%3A/Users/anshu/AppData/Local/nvim-data/mason/packages/lua-language-server/meta/Lua%205.4%20en-us%20utf8/os.lua
[00:34:47.931][info] [#0:script\workspace\loading.lua:101]: Preload file at: file:///c%3A/Users/anshu/AppData/Local/nvim-data/mason/packages/lua-language-server/meta/Lua%205.4%20en-us%20utf8/table.lua , size = 4.235 KB
[00:34:47.935][info] [#0:script\workspace\loading.lua:113]: ++++As library of:	file:///c%3A/Users/anshu/AppData/Local/nvim-data/mason/packages/lua-language-server/meta/Lua%205.4%20en-us%20utf8/table.lua
[00:34:47.935][info] [#0:script\workspace\loading.lua:173]: Loaded files takes [0.069] sec: <fallback>
[00:34:47.935][info] [#0:script\workspace\loading.lua:182]: Compile files takes [0.000] sec: <fallback>
[00:34:47.935][info] [#0:script\workspace\loading.lua:183]: Loaded finish:	<fallback>
[00:34:47.935][info] [#0:script\workspace\workspace.lua:381]: Preload finish at:	<fallback>
[00:34:48.331][info] [#0:script\workspace\workspace.lua:353]: Scan library at:	file:///c%3A/Users/anshu/AppData/Local/nvim-data/mason/packages/lua-language-server/meta/LuaJIT%20en-us%20utf8/jit/profile.lua
[00:34:48.332][info] [#0:script\workspace\workspace.lua:353]: Scan library at:	file:///c%3A/Users/anshu/AppData/Local/nvim-data/mason/packages/lua-language-server/meta/LuaJIT%20en-us%20utf8/os.lua
[00:34:48.332][info] [#0:script\workspace\workspace.lua:353]: Scan library at:	file:///c%3A/Users/anshu/AppData/Local/nvim-data/mason/packages/lua-language-server/meta/LuaJIT%20en-us%20utf8/string/buffer.lua
[00:34:48.333][info] [#0:script\workspace\workspace.lua:353]: Scan library at:	file:///c%3A/Users/anshu/AppData/Local/nvim-data/mason/packages/lua-language-server/meta/LuaJIT%20en-us%20utf8/basic.lua
[00:34:48.333][info] [#0:script\workspace\workspace.lua:353]: Scan library at:	file:///c%3A/Users/anshu/AppData/Local/nvim-data/mason/packages/lua-language-server/meta/LuaJIT%20en-us%20utf8/math.lua
[00:34:48.333][info] [#0:script\workspace\workspace.lua:353]: Scan library at:	file:///c%3A/Users/anshu/AppData/Local/nvim-data/mason/packages/lua-language-server/meta/LuaJIT%20en-us%20utf8/jit/util.lua
[00:34:48.334][info] [#0:script\workspace\workspace.lua:353]: Scan library at:	file:///c%3A/Users/anshu/AppData/Local/nvim-data/mason/packages/lua-language-server/meta/LuaJIT%20en-us%20utf8/jit.lua
[00:34:48.334][info] [#0:script\workspace\workspace.lua:353]: Scan library at:	file:///c%3A/Users/anshu/AppData/Local/nvim-data/mason/packages/lua-language-server/meta/LuaJIT%20en-us%20utf8/ffi.lua
[00:34:48.335][info] [#0:script\workspace\workspace.lua:353]: Scan library at:	file:///c%3A/Users/anshu/AppData/Local/nvim-data/mason/packages/lua-language-server/meta/LuaJIT%20en-us%20utf8/io.lua
[00:34:48.335][info] [#0:script\workspace\workspace.lua:353]: Scan library at:	file:///c%3A/Users/anshu/AppData/Local/nvim-data/mason/packages/lua-language-server/meta/LuaJIT%20en-us%20utf8/bit.lua
[00:34:48.335][info] [#0:script\workspace\workspace.lua:353]: Scan library at:	file:///c%3A/Users/anshu/AppData/Local/nvim-data/mason/packages/lua-language-server/meta/LuaJIT%20en-us%20utf8/table.lua
[00:34:48.336][info] [#0:script\workspace\workspace.lua:353]: Scan library at:	file:///c%3A/Users/anshu/AppData/Local/nvim-data/mason/packages/lua-language-server/meta/LuaJIT%20en-us%20utf8/package.lua
[00:34:48.336][info] [#0:script\workspace\workspace.lua:353]: Scan library at:	file:///c%3A/Users/anshu/AppData/Local/nvim-data/mason/packages/lua-language-server/meta/LuaJIT%20en-us%20utf8/coroutine.lua
[00:34:48.337][info] [#0:script\workspace\workspace.lua:353]: Scan library at:	file:///c%3A/Users/anshu/AppData/Local/nvim-data/mason/packages/lua-language-server/meta/LuaJIT%20en-us%20utf8/table/clear.lua
[00:34:48.337][info] [#0:script\workspace\workspace.lua:353]: Scan library at:	file:///c%3A/Users/anshu/AppData/Local/nvim-data/mason/packages/lua-language-server/meta/LuaJIT%20en-us%20utf8/string.lua
[00:34:48.337][info] [#0:script\workspace\workspace.lua:353]: Scan library at:	file:///c%3A/Program%20Files/Neovim/share/nvim/runtime/lua
[00:34:48.366][info] [#0:script\workspace\workspace.lua:353]: Scan library at:	file:///c%3A/Users/anshu/AppData/Local/nvim-data/mason/packages/lua-language-server/meta/LuaJIT%20en-us%20utf8/builtin.lua
[00:34:48.366][info] [#0:script\workspace\workspace.lua:353]: Scan library at:	file:///c%3A/Users/anshu/AppData/Local/nvim-data/mason/packages/lua-language-server/meta/LuaJIT%20en-us%20utf8/table/new.lua
[00:34:48.366][info] [#0:script\workspace\workspace.lua:353]: Scan library at:	file:///c%3A/Users/anshu/AppData/Local/nvim-data/mason/packages/lua-language-server/meta/LuaJIT%20en-us%20utf8/debug.lua
[00:34:48.479][info] [#0:script\workspace\workspace.lua:379]: Found 157 files at:	file:///c%3A/Program%20Files/Neovim/share/nvim/runtime
[00:34:48.480][info] [#0:script\workspace\loading.lua:161]: Load files from disk:	file:///c%3A/Program%20Files/Neovim/share/nvim/runtime
[00:34:48.480][info] [#0:script\workspace\loading.lua:101]: Preload file at: file:///c%3A/Users/anshu/AppData/Local/nvim-data/mason/packages/lua-language-server/meta/LuaJIT%20en-us%20utf8/table/new.lua , size = 0.642 KB
[00:34:48.481][info] [#0:script\workspace\loading.lua:113]: ++++As library of:	file:///c%3A/Users/anshu/AppData/Local/nvim-data/mason/packages/lua-language-server/meta/LuaJIT%20en-us%20utf8/table/new.lua
[00:34:48.481][info] [#0:script\workspace\loading.lua:101]: Preload file at: file:///c%3A/Users/anshu/AppData/Local/nvim-data/mason/packages/lua-language-server/meta/LuaJIT%20en-us%20utf8/debug.lua , size = 7.310 KB
[00:34:48.489][info] [#0:script\workspace\loading.lua:113]: ++++As library of:	file:///c%3A/Users/anshu/AppData/Local/nvim-data/mason/packages/lua-language-server/meta/LuaJIT%20en-us%20utf8/debug.lua
[00:34:48.489][info] [#0:script\workspace\loading.lua:101]: Preload file at: file:///c%3A/Users/anshu/AppData/Local/nvim-data/mason/packages/lua-language-server/meta/LuaJIT%20en-us%20utf8/builtin.lua , size = 0.302 KB
[00:34:48.490][info] [#0:script\workspace\loading.lua:113]: ++++As library of:	file:///c%3A/Users/anshu/AppData/Local/nvim-data/mason/packages/lua-language-server/meta/LuaJIT%20en-us%20utf8/builtin.lua
[00:34:48.490][info] [#0:script\workspace\loading.lua:101]: Preload file at: file:///c%3A/Program%20Files/Neovim/share/nvim/runtime/lua/coxpcall.lua , size = 3.557 KB
[00:34:48.493][info] [#0:script\workspace\loading.lua:113]: ++++As library of:	file:///c%3A/Program%20Files/Neovim/share/nvim/runtime/lua
[00:34:48.493][info] [#0:script\workspace\loading.lua:101]: Preload file at: file:///c%3A/Program%20Files/Neovim/share/nvim/runtime/lua/editorconfig.lua , size = 10.760 KB
[00:34:48.501][info] [#0:script\workspace\loading.lua:113]: ++++As library of:	file:///c%3A/Program%20Files/Neovim/share/nvim/runtime/lua
[00:34:48.502][info] [#0:script\workspace\loading.lua:101]: Preload file at: file:///c%3A/Program%20Files/Neovim/share/nvim/runtime/lua/jit/bc.lua , size = 5.417 KB
[00:34:48.520][info] [#0:script\workspace\loading.lua:113]: ++++As library of:	file:///c%3A/Program%20Files/Neovim/share/nvim/runtime/lua
[00:34:48.520][info] [#0:script\workspace\loading.lua:101]: Preload file at: file:///c%3A/Program%20Files/Neovim/share/nvim/runtime/lua/jit/dis_arm.lua , size = 18.891 KB
[00:34:48.538][info] [#0:script\workspace\loading.lua:113]: ++++As library of:	file:///c%3A/Program%20Files/Neovim/share/nvim/runtime/lua
[00:34:48.538][info] [#0:script\workspace\loading.lua:101]: Preload file at: file:///c%3A/Program%20Files/Neovim/share/nvim/runtime/lua/jit/bcsave.lua , size = 17.091 KB
[00:34:48.554][info] [#0:script\workspace\loading.lua:113]: ++++As library of:	file:///c%3A/Program%20Files/Neovim/share/nvim/runtime/lua
[00:34:48.554][info] [#0:script\workspace\loading.lua:101]: Preload file at: file:///c%3A/Program%20Files/Neovim/share/nvim/runtime/lua/jit/dis_arm64.lua , size = 29.441 KB
[00:34:48.591][info] [#0:script\workspace\loading.lua:113]: ++++As library of:	file:///c%3A/Program%20Files/Neovim/share/nvim/runtime/lua
[00:34:48.591][info] [#0:script\workspace\loading.lua:101]: Preload file at: file:///c%3A/Program%20Files/Neovim/share/nvim/runtime/lua/jit/dis_arm64be.lua , size = 0.604 KB
[00:34:48.592][info] [#0:script\workspace\loading.lua:113]: ++++As library of:	file:///c%3A/Program%20Files/Neovim/share/nvim/runtime/lua
[00:34:48.592][info] [#0:script\workspace\loading.lua:101]: Preload file at: file:///c%3A/Program%20Files/Neovim/share/nvim/runtime/lua/jit/dis_mips64.lua , size = 0.689 KB
[00:34:48.592][info] [#0:script\workspace\loading.lua:113]: ++++As library of:	file:///c%3A/Program%20Files/Neovim/share/nvim/runtime/lua
[00:34:48.592][info] [#0:script\workspace\loading.lua:101]: Preload file at: file:///c%3A/Program%20Files/Neovim/share/nvim/runtime/lua/jit/dis_mips.lua , size = 21.494 KB
[00:34:48.611][info] [#0:script\workspace\loading.lua:113]: ++++As library of:	file:///c%3A/Program%20Files/Neovim/share/nvim/runtime/lua
[00:34:48.611][info] [#0:script\workspace\loading.lua:101]: Preload file at: file:///c%3A/Program%20Files/Neovim/share/nvim/runtime/lua/jit/dis_mips64el.lua , size = 0.700 KB
[00:34:48.611][info] [#0:script\workspace\loading.lua:113]: ++++As library of:	file:///c%3A/Program%20Files/Neovim/share/nvim/runtime/lua
[00:34:48.611][info] [#0:script\workspace\loading.lua:101]: Preload file at: file:///c%3A/Program%20Files/Neovim/share/nvim/runtime/lua/jit/dis_mips64r6.lua , size = 0.700 KB
[00:34:48.612][info] [#0:script\workspace\loading.lua:113]: ++++As library of:	file:///c%3A/Program%20Files/Neovim/share/nvim/runtime/lua
[00:34:48.612][info] [#0:script\workspace\loading.lua:101]: Preload file at: file:///c%3A/Program%20Files/Neovim/share/nvim/runtime/lua/jit/dis_mips64r6el.lua , size = 0.711 KB
[00:34:48.612][info] [#0:script\workspace\loading.lua:113]: ++++As library of:	file:///c%3A/Program%20Files/Neovim/share/nvim/runtime/lua
[00:34:48.612][info] [#0:script\workspace\loading.lua:101]: Preload file at: file:///c%3A/Program%20Files/Neovim/share/nvim/runtime/lua/jit/dis_mipsel.lua , size = 0.698 KB
[00:34:48.613][info] [#0:script\workspace\loading.lua:113]: ++++As library of:	file:///c%3A/Program%20Files/Neovim/share/nvim/runtime/lua
[00:34:48.613][info] [#0:script\workspace\loading.lua:101]: Preload file at: file:///c%3A/Program%20Files/Neovim/share/nvim/runtime/lua/jit/dis_ppc.lua , size = 19.825 KB
[00:34:48.634][info] [#0:script\workspace\loading.lua:113]: ++++As library of:	file:///c%3A/Program%20Files/Neovim/share/nvim/runtime/lua
[00:34:48.634][info] [#0:script\workspace\loading.lua:101]: Preload file at: file:///c%3A/Program%20Files/Neovim/share/nvim/runtime/lua/jit/dis_x64.lua , size = 0.695 KB
[00:34:48.636][info] [#0:script\workspace\loading.lua:113]: ++++As library of:	file:///c%3A/Program%20Files/Neovim/share/nvim/runtime/lua
[00:34:48.636][info] [#0:script\workspace\loading.lua:101]: Preload file at: file:///c%3A/Program%20Files/Neovim/share/nvim/runtime/lua/jit/dump.lua , size = 20.269 KB
[00:34:48.656][info] [#0:script\workspace\loading.lua:113]: ++++As library of:	file:///c%3A/Program%20Files/Neovim/share/nvim/runtime/lua
[00:34:48.656][info] [#0:script\workspace\loading.lua:101]: Preload file at: file:///c%3A/Program%20Files/Neovim/share/nvim/runtime/lua/jit/p.lua , size = 8.891 KB
[00:34:48.664][info] [#0:script\workspace\loading.lua:113]: ++++As library of:	file:///c%3A/Program%20Files/Neovim/share/nvim/runtime/lua
[00:34:48.664][info] [#0:script\workspace\loading.lua:101]: Preload file at: file:///c%3A/Program%20Files/Neovim/share/nvim/runtime/lua/jit/dis_x86.lua , size = 33.033 KB
[00:34:48.708][info] [#0:script\workspace\loading.lua:113]: ++++As library of:	file:///c%3A/Program%20Files/Neovim/share/nvim/runtime/lua
[00:34:48.708][info] [#0:script\workspace\loading.lua:101]: Preload file at: file:///c%3A/Program%20Files/Neovim/share/nvim/runtime/lua/jit/v.lua , size = 5.731 KB
[00:34:48.712][info] [#0:script\workspace\loading.lua:113]: ++++As library of:	file:///c%3A/Program%20Files/Neovim/share/nvim/runtime/lua
[00:34:48.712][info] [#0:script\workspace\loading.lua:101]: Preload file at: file:///c%3A/Program%20Files/Neovim/share/nvim/runtime/lua/jit/zone.lua , size = 0.979 KB
[00:34:48.712][info] [#0:script\workspace\loading.lua:113]: ++++As library of:	file:///c%3A/Program%20Files/Neovim/share/nvim/runtime/lua
[00:34:48.712][info] [#0:script\workspace\loading.lua:101]: Preload file at: file:///c%3A/Program%20Files/Neovim/share/nvim/runtime/lua/jit/vmdef.lua , size = 8.307 KB
[00:34:48.716][info] [#0:script\workspace\loading.lua:113]: ++++As library of:	file:///c%3A/Program%20Files/Neovim/share/nvim/runtime/lua
[00:34:48.716][info] [#0:script\workspace\loading.lua:101]: Preload file at: file:///c%3A/Program%20Files/Neovim/share/nvim/runtime/lua/man.lua , size = 24.342 KB
[00:34:48.738][info] [#0:script\workspace\loading.lua:113]: ++++As library of:	file:///c%3A/Program%20Files/Neovim/share/nvim/runtime/lua
[00:34:48.739][info] [#0:script\workspace\loading.lua:101]: Preload file at: file:///c%3A/Program%20Files/Neovim/share/nvim/runtime/lua/provider/clipboard/health.lua , size = 1.189 KB
[00:34:48.740][info] [#0:script\workspace\loading.lua:113]: ++++As library of:	file:///c%3A/Program%20Files/Neovim/share/nvim/runtime/lua
[00:34:48.740][info] [#0:script\workspace\loading.lua:101]: Preload file at: file:///c%3A/Program%20Files/Neovim/share/nvim/runtime/lua/nvim/health.lua , size = 12.899 KB
[00:34:48.750][info] [#0:script\workspace\loading.lua:113]: ++++As library of:	file:///c%3A/Program%20Files/Neovim/share/nvim/runtime/lua
[00:34:48.750][info] [#0:script\workspace\loading.lua:101]: Preload file at: file:///c%3A/Program%20Files/Neovim/share/nvim/runtime/lua/provider/node/health.lua , size = 3.481 KB
[00:34:48.753][info] [#0:script\workspace\loading.lua:113]: ++++As library of:	file:///c%3A/Program%20Files/Neovim/share/nvim/runtime/lua
[00:34:48.753][info] [#0:script\workspace\loading.lua:101]: Preload file at: file:///c%3A/Program%20Files/Neovim/share/nvim/runtime/lua/provider/perl/health.lua , size = 2.840 KB
[00:34:48.755][info] [#0:script\workspace\loading.lua:113]: ++++As library of:	file:///c%3A/Program%20Files/Neovim/share/nvim/runtime/lua
[00:34:48.755][info] [#0:script\workspace\loading.lua:101]: Preload file at: file:///c%3A/Program%20Files/Neovim/share/nvim/runtime/lua/provider/python/health.lua , size = 16.611 KB
[00:34:48.767][info] [#0:script\workspace\loading.lua:113]: ++++As library of:	file:///c%3A/Program%20Files/Neovim/share/nvim/runtime/lua
[00:34:48.767][info] [#0:script\workspace\loading.lua:101]: Preload file at: file:///c%3A/Program%20Files/Neovim/share/nvim/runtime/lua/provider/ruby/health.lua , size = 2.324 KB
[00:34:48.769][info] [#0:script\workspace\loading.lua:113]: ++++As library of:	file:///c%3A/Program%20Files/Neovim/share/nvim/runtime/lua
[00:34:48.769][info] [#0:script\workspace\loading.lua:101]: Preload file at: file:///c%3A/Program%20Files/Neovim/share/nvim/runtime/lua/tohtml.lua , size = 42.486 KB
[00:34:48.808][info] [#0:script\workspace\loading.lua:113]: ++++As library of:	file:///c%3A/Program%20Files/Neovim/share/nvim/runtime/lua
[00:34:48.808][info] [#0:script\workspace\loading.lua:101]: Preload file at: file:///c%3A/Program%20Files/Neovim/share/nvim/runtime/lua/vim/F.lua , size = 1.136 KB
[00:34:48.809][info] [#0:script\workspace\loading.lua:113]: ++++As library of:	file:///c%3A/Program%20Files/Neovim/share/nvim/runtime/lua
[00:34:48.810][info] [#0:script\workspace\loading.lua:101]: Preload file at: file:///c%3A/Program%20Files/Neovim/share/nvim/runtime/lua/vim/diagnostic.lua , size = 71.238 KB
[00:34:48.905][info] [#0:script\workspace\loading.lua:113]: ++++As library of:	file:///c%3A/Program%20Files/Neovim/share/nvim/runtime/lua
[00:34:48.908][info] [#0:script\workspace\loading.lua:101]: Preload file at: file:///c%3A/Program%20Files/Neovim/share/nvim/runtime/lua/vim/filetype/detect.lua , size = 59.134 KB
[00:34:48.955][info] [#0:script\workspace\loading.lua:113]: ++++As library of:	file:///c%3A/Program%20Files/Neovim/share/nvim/runtime/lua
[00:34:48.956][info] [#0:script\workspace\loading.lua:101]: Preload file at: file:///c%3A/Program%20Files/Neovim/share/nvim/runtime/lua/vim/filetype/options.lua , size = 2.645 KB
[00:34:48.959][info] [#0:script\workspace\loading.lua:113]: ++++As library of:	file:///c%3A/Program%20Files/Neovim/share/nvim/runtime/lua
[00:34:48.959][info] [#0:script\workspace\loading.lua:101]: Preload file at: file:///c%3A/Program%20Files/Neovim/share/nvim/runtime/lua/vim/fs.lua , size = 18.834 KB
[00:34:48.973][info] [#0:script\workspace\loading.lua:113]: ++++As library of:	file:///c%3A/Program%20Files/Neovim/share/nvim/runtime/lua
[00:34:48.973][info] [#0:script\workspace\loading.lua:101]: Preload file at: file:///c%3A/Program%20Files/Neovim/share/nvim/runtime/lua/vim/func/_memoize.lua , size = 1.416 KB
[00:34:48.975][info] [#0:script\workspace\loading.lua:113]: ++++As library of:	file:///c%3A/Program%20Files/Neovim/share/nvim/runtime/lua
[00:34:48.976][info] [#0:script\workspace\loading.lua:101]: Preload file at: file:///c%3A/Program%20Files/Neovim/share/nvim/runtime/lua/vim/filetype.lua , size = 71.103 KB
[00:34:49.023][info] [#0:script\workspace\loading.lua:113]: ++++As library of:	file:///c%3A/Program%20Files/Neovim/share/nvim/runtime/lua
[00:34:49.023][info] [#0:script\workspace\loading.lua:101]: Preload file at: file:///c%3A/Program%20Files/Neovim/share/nvim/runtime/lua/vim/func.lua , size = 1.794 KB
[00:34:49.024][info] [#0:script\workspace\loading.lua:113]: ++++As library of:	file:///c%3A/Program%20Files/Neovim/share/nvim/runtime/lua
[00:34:49.024][info] [#0:script\workspace\loading.lua:101]: Preload file at: file:///c%3A/Program%20Files/Neovim/share/nvim/runtime/lua/vim/glob.lua , size = 3.083 KB
[00:34:49.027][info] [#0:script\workspace\loading.lua:113]: ++++As library of:	file:///c%3A/Program%20Files/Neovim/share/nvim/runtime/lua
[00:34:49.027][info] [#0:script\workspace\loading.lua:101]: Preload file at: file:///c%3A/Program%20Files/Neovim/share/nvim/runtime/lua/vim/health.lua , size = 13.101 KB
[00:34:49.040][info] [#0:script\workspace\loading.lua:113]: ++++As library of:	file:///c%3A/Program%20Files/Neovim/share/nvim/runtime/lua
[00:34:49.040][info] [#0:script\workspace\loading.lua:101]: Preload file at: file:///c%3A/Program%20Files/Neovim/share/nvim/runtime/lua/vim/highlight.lua , size = 4.673 KB
[00:34:49.043][info] [#0:script\workspace\loading.lua:113]: ++++As library of:	file:///c%3A/Program%20Files/Neovim/share/nvim/runtime/lua
[00:34:49.043][info] [#0:script\workspace\loading.lua:101]: Preload file at: file:///c%3A/Program%20Files/Neovim/share/nvim/runtime/lua/vim/inspect.lua , size = 9.234 KB
[00:34:49.100][info] [#0:script\workspace\loading.lua:113]: ++++As library of:	file:///c%3A/Program%20Files/Neovim/share/nvim/runtime/lua
[00:34:49.100][info] [#0:script\workspace\loading.lua:101]: Preload file at: file:///c%3A/Program%20Files/Neovim/share/nvim/runtime/lua/vim/keymap.lua , size = 3.816 KB
[00:34:49.103][info] [#0:script\workspace\loading.lua:113]: ++++As library of:	file:///c%3A/Program%20Files/Neovim/share/nvim/runtime/lua
[00:34:49.103][info] [#0:script\workspace\loading.lua:101]: Preload file at: file:///c%3A/Program%20Files/Neovim/share/nvim/runtime/lua/vim/iter.lua , size = 26.567 KB
[00:34:49.126][info] [#0:script\workspace\loading.lua:113]: ++++As library of:	file:///c%3A/Program%20Files/Neovim/share/nvim/runtime/lua
[00:34:49.126][info] [#0:script\workspace\loading.lua:101]: Preload file at: file:///c%3A/Program%20Files/Neovim/share/nvim/runtime/lua/vim/loader.lua , size = 16.370 KB
[00:34:49.143][info] [#0:script\workspace\loading.lua:113]: ++++As library of:	file:///c%3A/Program%20Files/Neovim/share/nvim/runtime/lua
[00:34:49.144][info] [#0:script\workspace\loading.lua:101]: Preload file at: file:///c%3A/Program%20Files/Neovim/share/nvim/runtime/lua/vim/lsp/buf.lua , size = 31.393 KB
[00:34:49.166][info] [#0:script\workspace\loading.lua:113]: ++++As library of:	file:///c%3A/Program%20Files/Neovim/share/nvim/runtime/lua
[00:34:49.166][info] [#0:script\workspace\loading.lua:101]: Preload file at: file:///c%3A/Program%20Files/Neovim/share/nvim/runtime/lua/vim/lsp/codelens.lua , size = 9.565 KB
[00:34:49.175][info] [#0:script\workspace\loading.lua:113]: ++++As library of:	file:///c%3A/Program%20Files/Neovim/share/nvim/runtime/lua
[00:34:49.175][info] [#0:script\workspace\loading.lua:101]: Preload file at: file:///c%3A/Program%20Files/Neovim/share/nvim/runtime/lua/vim/lsp/diagnostic.lua , size = 14.568 KB
[00:34:49.186][info] [#0:script\workspace\loading.lua:113]: ++++As library of:	file:///c%3A/Program%20Files/Neovim/share/nvim/runtime/lua
[00:34:49.187][info] [#0:script\workspace\loading.lua:101]: Preload file at: file:///c%3A/Program%20Files/Neovim/share/nvim/runtime/lua/vim/lsp/client.lua , size = 39.002 KB
[00:34:49.215][info] [#0:script\workspace\loading.lua:113]: ++++As library of:	file:///c%3A/Program%20Files/Neovim/share/nvim/runtime/lua
[00:34:49.215][info] [#0:script\workspace\loading.lua:101]: Preload file at: file:///c%3A/Program%20Files/Neovim/share/nvim/runtime/lua/vim/lsp/handlers.lua , size = 27.504 KB
[00:34:49.236][info] [#0:script\workspace\loading.lua:113]: ++++As library of:	file:///c%3A/Program%20Files/Neovim/share/nvim/runtime/lua
[00:34:49.236][info] [#0:script\workspace\loading.lua:101]: Preload file at: file:///c%3A/Program%20Files/Neovim/share/nvim/runtime/lua/vim/lsp/health.lua , size = 3.094 KB
[00:34:49.240][info] [#0:script\workspace\loading.lua:113]: ++++As library of:	file:///c%3A/Program%20Files/Neovim/share/nvim/runtime/lua
[00:34:49.240][info] [#0:script\workspace\loading.lua:101]: Preload file at: file:///c%3A/Program%20Files/Neovim/share/nvim/runtime/lua/vim/lsp/log.lua , size = 4.846 KB
[00:34:49.245][info] [#0:script\workspace\loading.lua:113]: ++++As library of:	file:///c%3A/Program%20Files/Neovim/share/nvim/runtime/lua
[00:34:49.245][info] [#0:script\workspace\loading.lua:101]: Preload file at: file:///c%3A/Program%20Files/Neovim/share/nvim/runtime/lua/vim/lsp/inlay_hint.lua , size = 12.550 KB
[00:34:49.263][info] [#0:script\workspace\loading.lua:113]: ++++As library of:	file:///c%3A/Program%20Files/Neovim/share/nvim/runtime/lua
[00:34:49.263][info] [#0:script\workspace\loading.lua:101]: Preload file at: file:///c%3A/Program%20Files/Neovim/share/nvim/runtime/lua/vim/lsp/rpc.lua , size = 26.793 KB
[00:34:49.288][info] [#0:script\workspace\loading.lua:113]: ++++As library of:	file:///c%3A/Program%20Files/Neovim/share/nvim/runtime/lua
[00:34:49.288][info] [#0:script\workspace\loading.lua:101]: Preload file at: file:///c%3A/Program%20Files/Neovim/share/nvim/runtime/lua/vim/lsp/protocol.lua , size = 50.175 KB
[00:34:49.303][info] [#0:script\workspace\loading.lua:113]: ++++As library of:	file:///c%3A/Program%20Files/Neovim/share/nvim/runtime/lua
[00:34:49.303][info] [#0:script\workspace\loading.lua:101]: Preload file at: file:///c%3A/Program%20Files/Neovim/share/nvim/runtime/lua/vim/lsp/semantic_tokens.lua , size = 27.347 KB
[00:34:49.322][info] [#0:script\workspace\loading.lua:113]: ++++As library of:	file:///c%3A/Program%20Files/Neovim/share/nvim/runtime/lua
[00:34:49.322][info] [#0:script\workspace\loading.lua:101]: Preload file at: file:///c%3A/Program%20Files/Neovim/share/nvim/runtime/lua/vim/lsp/sync.lua , size = 16.673 KB
[00:34:49.332][info] [#0:script\workspace\loading.lua:113]: ++++As library of:	file:///c%3A/Program%20Files/Neovim/share/nvim/runtime/lua
[00:34:49.332][warn] [#0:script\config\loader.lua:116]: No config?	{}
[00:34:49.332][info] [#0:script\provider\provider.lua:61]: Load config from client	fallback
[00:34:49.332][info] [#0:script\provider\provider.lua:62]: nil
[00:34:49.332][warn] [#0:script\proto\proto.lua:187]: Method [textDocument/semanticTokens/full] takes [4.807]sec. {
  _closeMessage = "Request cancelled.",
  _closeReason = -32800,
  id = 4,
  jsonrpc = "2.0",
  method = "textDocument/semanticTokens/full",
  params = {
    textDocument = {
      uri = "file:///C:/Program%20Files/Neovim/share/nvim/runtime/lua/vim/treesitter/language.lua"
    }
  }
}
[00:34:49.340][info] [#0:script\workspace\loading.lua:101]: Preload file at: file:///c%3A/Program%20Files/Neovim/share/nvim/runtime/lua/vim/lsp/util.lua , size = 79.135 KB
[00:34:49.471][info] [#0:script\workspace\loading.lua:113]: ++++As library of:	file:///c%3A/Program%20Files/Neovim/share/nvim/runtime/lua
[00:34:49.473][warn] [#0:script\proto\proto.lua:187]: Method [workspace/didChangeConfiguration] takes [4.950]sec. {
  jsonrpc = "2.0",
  method = "workspace/didChangeConfiguration",
  params = {
    settings = {
      Lua = {}
    }
  }
}
[00:34:49.473][info] [#0:script\workspace\loading.lua:101]: Preload file at: file:///c%3A/Program%20Files/Neovim/share/nvim/runtime/lua/vim/lsp/_completion.lua , size = 9.234 KB
[00:34:49.482][info] [#0:script\workspace\loading.lua:113]: ++++As library of:	file:///c%3A/Program%20Files/Neovim/share/nvim/runtime/lua
[00:34:49.482][info] [#0:script\workspace\loading.lua:101]: Preload file at: file:///c%3A/Program%20Files/Neovim/share/nvim/runtime/lua/vim/lsp/_changetracking.lua , size = 11.856 KB
[00:34:49.493][info] [#0:script\workspace\loading.lua:113]: ++++As library of:	file:///c%3A/Program%20Files/Neovim/share/nvim/runtime/lua
[00:34:49.493][info] [#0:script\workspace\loading.lua:101]: Preload file at: file:///c%3A/Program%20Files/Neovim/share/nvim/runtime/lua/vim/lsp/_dynamic.lua , size = 3.084 KB
[00:34:49.497][info] [#0:script\workspace\loading.lua:113]: ++++As library of:	file:///c%3A/Program%20Files/Neovim/share/nvim/runtime/lua
[00:34:49.497][info] [#0:script\workspace\loading.lua:101]: Preload file at: file:///c%3A/Program%20Files/Neovim/share/nvim/runtime/lua/vim/lsp/_meta.lua , size = 0.456 KB
[00:34:49.498][info] [#0:script\workspace\loading.lua:113]: ++++As library of:	file:///c%3A/Program%20Files/Neovim/share/nvim/runtime/lua
[00:34:49.498][info] [#0:script\workspace\loading.lua:101]: Preload file at: file:///c%3A/Program%20Files/Neovim/share/nvim/runtime/lua/vim/lsp/_snippet_grammar.lua , size = 6.355 KB
[00:34:49.505][info] [#0:script\workspace\loading.lua:113]: ++++As library of:	file:///c%3A/Program%20Files/Neovim/share/nvim/runtime/lua
[00:34:49.505][info] [#0:script\workspace\loading.lua:101]: Preload file at: file:///c%3A/Program%20Files/Neovim/share/nvim/runtime/lua/vim/lsp/_tagfunc.lua , size = 2.868 KB
[00:34:49.508][info] [#0:script\workspace\loading.lua:113]: ++++As library of:	file:///c%3A/Program%20Files/Neovim/share/nvim/runtime/lua
[00:34:49.508][info] [#0:script\workspace\loading.lua:101]: Preload file at: file:///c%3A/Program%20Files/Neovim/share/nvim/runtime/lua/vim/lsp/_watchfiles.lua , size = 7.065 KB
[00:34:49.514][info] [#0:script\workspace\loading.lua:113]: ++++As library of:	file:///c%3A/Program%20Files/Neovim/share/nvim/runtime/lua
[00:34:49.515][info] [#0:script\workspace\loading.lua:101]: Preload file at: file:///c%3A/Program%20Files/Neovim/share/nvim/runtime/lua/vim/lsp.lua , size = 41.132 KB
[00:34:49.546][info] [#0:script\workspace\loading.lua:113]: ++++As library of:	file:///c%3A/Program%20Files/Neovim/share/nvim/runtime/lua
[00:34:49.546][info] [#0:script\workspace\loading.lua:101]: Preload file at: file:///c%3A/Program%20Files/Neovim/share/nvim/runtime/lua/vim/provider/perl.lua , size = 2.062 KB
[00:34:49.548][info] [#0:script\workspace\loading.lua:113]: ++++As library of:	file:///c%3A/Program%20Files/Neovim/share/nvim/runtime/lua
[00:34:49.548][info] [#0:script\workspace\loading.lua:101]: Preload file at: file:///c%3A/Program%20Files/Neovim/share/nvim/runtime/lua/vim/provider/python.lua , size = 4.370 KB
[00:34:49.552][info] [#0:script\workspace\loading.lua:113]: ++++As library of:	file:///c%3A/Program%20Files/Neovim/share/nvim/runtime/lua
[00:34:49.552][info] [#0:script\workspace\loading.lua:101]: Preload file at: file:///c%3A/Program%20Files/Neovim/share/nvim/runtime/lua/vim/provider/ruby.lua , size = 1.623 KB
[00:34:49.554][info] [#0:script\workspace\loading.lua:113]: ++++As library of:	file:///c%3A/Program%20Files/Neovim/share/nvim/runtime/lua
[00:34:49.554][info] [#0:script\workspace\loading.lua:101]: Preload file at: file:///c%3A/Program%20Files/Neovim/share/nvim/runtime/lua/vim/provider.lua , size = 0.204 KB
[00:34:49.554][info] [#0:script\workspace\loading.lua:113]: ++++As library of:	file:///c%3A/Program%20Files/Neovim/share/nvim/runtime/lua
[00:34:49.554][info] [#0:script\workspace\loading.lua:101]: Preload file at: file:///c%3A/Program%20Files/Neovim/share/nvim/runtime/lua/vim/re.lua , size = 6.761 KB
[00:34:49.562][info] [#0:script\workspace\loading.lua:113]: ++++As library of:	file:///c%3A/Program%20Files/Neovim/share/nvim/runtime/lua
[00:34:49.562][info] [#0:script\workspace\loading.lua:101]: Preload file at: file:///c%3A/Program%20Files/Neovim/share/nvim/runtime/lua/vim/secure.lua , size = 5.208 KB
[00:34:49.568][info] [#0:script\workspace\loading.lua:113]: ++++As library of:	file:///c%3A/Program%20Files/Neovim/share/nvim/runtime/lua
[00:34:49.568][info] [#0:script\workspace\loading.lua:101]: Preload file at: file:///c%3A/Program%20Files/Neovim/share/nvim/runtime/lua/vim/lsp/_meta/protocol.lua , size = 180.502 KB
[00:34:49.663][info] [#0:script\workspace\loading.lua:113]: ++++As library of:	file:///c%3A/Program%20Files/Neovim/share/nvim/runtime/lua
[00:34:49.664][info] [#0:script\workspace\loading.lua:101]: Preload file at: file:///c%3A/Program%20Files/Neovim/share/nvim/runtime/lua/vim/shared.lua , size = 30.399 KB
[00:34:49.695][info] [#0:script\workspace\loading.lua:113]: ++++As library of:	file:///c%3A/Program%20Files/Neovim/share/nvim/runtime/lua
[00:34:49.695][info] [#0:script\workspace\loading.lua:101]: Preload file at: file:///c%3A/Program%20Files/Neovim/share/nvim/runtime/lua/vim/termcap.lua , size = 3.201 KB
[00:34:49.698][info] [#0:script\workspace\loading.lua:113]: ++++As library of:	file:///c%3A/Program%20Files/Neovim/share/nvim/runtime/lua
[00:34:49.698][info] [#0:script\workspace\loading.lua:101]: Preload file at: file:///c%3A/Program%20Files/Neovim/share/nvim/runtime/lua/vim/snippet.lua , size = 20.483 KB
[00:34:49.716][info] [#0:script\workspace\loading.lua:113]: ++++As library of:	file:///c%3A/Program%20Files/Neovim/share/nvim/runtime/lua
[00:34:49.716][info] [#0:script\workspace\loading.lua:101]: Preload file at: file:///c%3A/Program%20Files/Neovim/share/nvim/runtime/lua/vim/text.lua , size = 0.773 KB
[00:34:49.718][info] [#0:script\workspace\loading.lua:113]: ++++As library of:	file:///c%3A/Program%20Files/Neovim/share/nvim/runtime/lua
[00:34:49.718][info] [#0:script\workspace\loading.lua:101]: Preload file at: file:///c%3A/Program%20Files/Neovim/share/nvim/runtime/lua/vim/treesitter/health.lua , size = 0.889 KB
[00:34:49.719][info] [#0:script\workspace\loading.lua:113]: ++++As library of:	file:///c%3A/Program%20Files/Neovim/share/nvim/runtime/lua
[00:34:49.720][info] [#0:script\workspace\loading.lua:101]: Preload file at: file:///c%3A/Program%20Files/Neovim/share/nvim/runtime/lua/vim/treesitter/dev.lua , size = 20.132 KB
[00:34:49.738][info] [#0:script\workspace\loading.lua:113]: ++++As library of:	file:///c%3A/Program%20Files/Neovim/share/nvim/runtime/lua
[00:34:49.740][info] [#0:script\workspace\loading.lua:101]: Preload file at: file:///c%3A/Program%20Files/Neovim/share/nvim/runtime/lua/vim/treesitter/highlighter.lua , size = 11.761 KB
[00:34:49.751][info] [#0:script\workspace\loading.lua:113]: ++++As library of:	file:///c%3A/Program%20Files/Neovim/share/nvim/runtime/lua
[00:34:49.751][info] [#0:script\workspace\loading.lua:89]: Skip loaded file: file:///c%3A/Program%20Files/Neovim/share/nvim/runtime/lua/vim/treesitter/language.lua
[00:34:49.751][info] [#0:script\workspace\loading.lua:113]: ++++As library of:	file:///c%3A/Program%20Files/Neovim/share/nvim/runtime/lua
[00:34:49.752][info] [#0:script\workspace\loading.lua:101]: Preload file at: file:///c%3A/Program%20Files/Neovim/share/nvim/runtime/lua/vim/treesitter/languagetree.lua , size = 34.444 KB
[00:34:49.781][info] [#0:script\workspace\loading.lua:113]: ++++As library of:	file:///c%3A/Program%20Files/Neovim/share/nvim/runtime/lua
[00:34:49.781][info] [#0:script\workspace\loading.lua:101]: Preload file at: file:///c%3A/Program%20Files/Neovim/share/nvim/runtime/lua/vim/treesitter/query.lua , size = 33.325 KB
[00:34:49.805][info] [#0:script\workspace\loading.lua:113]: ++++As library of:	file:///c%3A/Program%20Files/Neovim/share/nvim/runtime/lua
[00:34:49.805][info] [#0:script\workspace\loading.lua:101]: Preload file at: file:///c%3A/Program%20Files/Neovim/share/nvim/runtime/lua/vim/treesitter/_fold.lua , size = 14.502 KB
[00:34:49.817][info] [#0:script\workspace\loading.lua:113]: ++++As library of:	file:///c%3A/Program%20Files/Neovim/share/nvim/runtime/lua
[00:34:49.817][info] [#0:script\workspace\loading.lua:101]: Preload file at: file:///c%3A/Program%20Files/Neovim/share/nvim/runtime/lua/vim/treesitter/_meta.lua , size = 4.593 KB
[00:34:49.823][info] [#0:script\workspace\loading.lua:113]: ++++As library of:	file:///c%3A/Program%20Files/Neovim/share/nvim/runtime/lua
[00:34:49.823][info] [#0:script\workspace\loading.lua:101]: Preload file at: file:///c%3A/Program%20Files/Neovim/share/nvim/runtime/lua/vim/treesitter/_query_linter.lua , size = 7.773 KB
[00:34:49.831][info] [#0:script\workspace\loading.lua:113]: ++++As library of:	file:///c%3A/Program%20Files/Neovim/share/nvim/runtime/lua
[00:34:49.831][info] [#0:script\workspace\loading.lua:101]: Preload file at: file:///c%3A/Program%20Files/Neovim/share/nvim/runtime/lua/vim/treesitter/_range.lua , size = 4.058 KB
[00:34:49.836][info] [#0:script\workspace\loading.lua:113]: ++++As library of:	file:///c%3A/Program%20Files/Neovim/share/nvim/runtime/lua
[00:34:49.836][info] [#0:script\workspace\loading.lua:101]: Preload file at: file:///c%3A/Program%20Files/Neovim/share/nvim/runtime/lua/vim/treesitter.lua , size = 14.494 KB
[00:34:49.847][info] [#0:script\workspace\loading.lua:113]: ++++As library of:	file:///c%3A/Program%20Files/Neovim/share/nvim/runtime/lua
[00:34:49.847][info] [#0:script\workspace\loading.lua:101]: Preload file at: file:///c%3A/Program%20Files/Neovim/share/nvim/runtime/lua/vim/ui/clipboard/osc52.lua , size = 2.212 KB
[00:34:49.849][info] [#0:script\workspace\loading.lua:113]: ++++As library of:	file:///c%3A/Program%20Files/Neovim/share/nvim/runtime/lua
[00:34:49.849][info] [#0:script\workspace\loading.lua:101]: Preload file at: file:///c%3A/Program%20Files/Neovim/share/nvim/runtime/lua/vim/ui.lua , size = 5.455 KB
[00:34:49.853][info] [#0:script\workspace\loading.lua:113]: ++++As library of:	file:///c%3A/Program%20Files/Neovim/share/nvim/runtime/lua
[00:34:49.853][info] [#0:script\workspace\loading.lua:101]: Preload file at: file:///c%3A/Program%20Files/Neovim/share/nvim/runtime/lua/vim/uri.lua , size = 3.695 KB
[00:34:49.857][info] [#0:script\workspace\loading.lua:113]: ++++As library of:	file:///c%3A/Program%20Files/Neovim/share/nvim/runtime/lua
[00:34:49.857][info] [#0:script\workspace\loading.lua:101]: Preload file at: file:///c%3A/Program%20Files/Neovim/share/nvim/runtime/lua/vim/version.lua , size = 14.011 KB
[00:34:49.956][info] [#0:script\workspace\loading.lua:113]: ++++As library of:	file:///c%3A/Program%20Files/Neovim/share/nvim/runtime/lua
[00:34:49.956][info] [#0:script\workspace\loading.lua:101]: Preload file at: file:///c%3A/Program%20Files/Neovim/share/nvim/runtime/lua/vim/vimhelp.lua , size = 0.999 KB
[00:34:49.958][info] [#0:script\workspace\loading.lua:113]: ++++As library of:	file:///c%3A/Program%20Files/Neovim/share/nvim/runtime/lua
[00:34:49.958][info] [#0:script\workspace\loading.lua:101]: Preload file at: file:///c%3A/Program%20Files/Neovim/share/nvim/runtime/lua/vim/_comment.lua , size = 9.175 KB
[00:34:49.965][info] [#0:script\workspace\loading.lua:113]: ++++As library of:	file:///c%3A/Program%20Files/Neovim/share/nvim/runtime/lua
[00:34:49.965][info] [#0:script\workspace\loading.lua:101]: Preload file at: file:///c%3A/Program%20Files/Neovim/share/nvim/runtime/lua/vim/_defaults.lua , size = 18.862 KB
[00:34:49.978][info] [#0:script\workspace\loading.lua:113]: ++++As library of:	file:///c%3A/Program%20Files/Neovim/share/nvim/runtime/lua
[00:34:49.978][info] [#0:script\workspace\loading.lua:101]: Preload file at: file:///c%3A/Program%20Files/Neovim/share/nvim/runtime/lua/vim/_init_packages.lua , size = 3.120 KB
[00:34:49.981][info] [#0:script\workspace\loading.lua:113]: ++++As library of:	file:///c%3A/Program%20Files/Neovim/share/nvim/runtime/lua
[00:34:49.981][info] [#0:script\workspace\loading.lua:101]: Preload file at: file:///c%3A/Program%20Files/Neovim/share/nvim/runtime/lua/vim/_editor.lua , size = 35.397 KB
[00:34:50.009][info] [#0:script\workspace\loading.lua:113]: ++++As library of:	file:///c%3A/Program%20Files/Neovim/share/nvim/runtime/lua
[00:34:50.009][info] [#0:script\workspace\loading.lua:101]: Preload file at: file:///c%3A/Program%20Files/Neovim/share/nvim/runtime/lua/vim/_inspector.lua , size = 7.741 KB
[00:34:50.015][info] [#0:script\workspace\loading.lua:113]: ++++As library of:	file:///c%3A/Program%20Files/Neovim/share/nvim/runtime/lua
[00:34:50.015][info] [#0:script\workspace\loading.lua:101]: Preload file at: file:///c%3A/Program%20Files/Neovim/share/nvim/runtime/lua/vim/_meta/api_keysets.lua , size = 8.609 KB
[00:34:50.024][info] [#0:script\workspace\loading.lua:113]: ++++As library of:	file:///c%3A/Program%20Files/Neovim/share/nvim/runtime/lua
[00:34:50.024][info] [#0:script\workspace\loading.lua:101]: Preload file at: file:///c%3A/Program%20Files/Neovim/share/nvim/runtime/lua/vim/_meta/api_keysets_extra.lua , size = 4.698 KB
[00:34:50.032][info] [#0:script\workspace\loading.lua:113]: ++++As library of:	file:///c%3A/Program%20Files/Neovim/share/nvim/runtime/lua
[00:34:50.032][info] [#0:script\workspace\loading.lua:101]: Preload file at: file:///c%3A/Program%20Files/Neovim/share/nvim/runtime/lua/vim/_meta/api.lua , size = 99.603 KB
[00:34:50.102][info] [#0:script\workspace\loading.lua:113]: ++++As library of:	file:///c%3A/Program%20Files/Neovim/share/nvim/runtime/lua
[00:34:50.105][info] [#0:script\workspace\loading.lua:101]: Preload file at: file:///c%3A/Program%20Files/Neovim/share/nvim/runtime/lua/vim/_meta/base64.lua , size = 0.319 KB
[00:34:50.106][info] [#0:script\workspace\loading.lua:113]: ++++As library of:	file:///c%3A/Program%20Files/Neovim/share/nvim/runtime/lua
[00:34:50.107][info] [#0:script\workspace\loading.lua:101]: Preload file at: file:///c%3A/Program%20Files/Neovim/share/nvim/runtime/lua/vim/_meta/builtin.lua , size = 11.468 KB
[00:34:50.115][info] [#0:script\workspace\loading.lua:113]: ++++As library of:	file:///c%3A/Program%20Files/Neovim/share/nvim/runtime/lua
[00:34:50.115][info] [#0:script\workspace\loading.lua:101]: Preload file at: file:///c%3A/Program%20Files/Neovim/share/nvim/runtime/lua/vim/_meta/builtin_types.lua , size = 3.496 KB
[00:34:50.121][info] [#0:script\workspace\loading.lua:113]: ++++As library of:	file:///c%3A/Program%20Files/Neovim/share/nvim/runtime/lua
[00:34:50.121][info] [#0:script\workspace\loading.lua:101]: Preload file at: file:///c%3A/Program%20Files/Neovim/share/nvim/runtime/lua/vim/_meta/json.lua , size = 1.397 KB
[00:34:50.123][info] [#0:script\workspace\loading.lua:113]: ++++As library of:	file:///c%3A/Program%20Files/Neovim/share/nvim/runtime/lua
[00:34:50.123][info] [#0:script\workspace\loading.lua:101]: Preload file at: file:///c%3A/Program%20Files/Neovim/share/nvim/runtime/lua/vim/_meta/diff.lua , size = 2.549 KB
[00:34:50.126][info] [#0:script\workspace\loading.lua:113]: ++++As library of:	file:///c%3A/Program%20Files/Neovim/share/nvim/runtime/lua
[00:34:50.126][info] [#0:script\workspace\loading.lua:101]: Preload file at: file:///c%3A/Program%20Files/Neovim/share/nvim/runtime/lua/vim/_meta/misc.lua , size = 0.307 KB
[00:34:50.127][info] [#0:script\workspace\loading.lua:113]: ++++As library of:	file:///c%3A/Program%20Files/Neovim/share/nvim/runtime/lua
[00:34:50.127][info] [#0:script\workspace\loading.lua:101]: Preload file at: file:///c%3A/Program%20Files/Neovim/share/nvim/runtime/lua/vim/_meta/lpeg.lua , size = 15.229 KB
[00:34:50.139][info] [#0:script\workspace\loading.lua:113]: ++++As library of:	file:///c%3A/Program%20Files/Neovim/share/nvim/runtime/lua
[00:34:50.139][info] [#0:script\workspace\loading.lua:101]: Preload file at: file:///c%3A/Program%20Files/Neovim/share/nvim/runtime/lua/vim/_meta/mpack.lua , size = 0.495 KB
[00:34:50.140][info] [#0:script\workspace\loading.lua:113]: ++++As library of:	file:///c%3A/Program%20Files/Neovim/share/nvim/runtime/lua
[00:34:50.140][info] [#0:script\workspace\loading.lua:101]: Preload file at: file:///c%3A/Program%20Files/Neovim/share/nvim/runtime/lua/vim/_meta/re.lua , size = 2.270 KB
[00:34:50.142][info] [#0:script\workspace\loading.lua:113]: ++++As library of:	file:///c%3A/Program%20Files/Neovim/share/nvim/runtime/lua
[00:34:50.142][info] [#0:script\workspace\loading.lua:101]: Preload file at: file:///c%3A/Program%20Files/Neovim/share/nvim/runtime/lua/vim/_meta/regex.lua , size = 1.381 KB
[00:34:50.143][info] [#0:script\workspace\loading.lua:113]: ++++As library of:	file:///c%3A/Program%20Files/Neovim/share/nvim/runtime/lua
[00:34:50.143][info] [#0:script\workspace\loading.lua:101]: Preload file at: file:///c%3A/Program%20Files/Neovim/share/nvim/runtime/lua/vim/_meta/spell.lua , size = 0.975 KB
[00:34:50.144][info] [#0:script\workspace\loading.lua:113]: ++++As library of:	file:///c%3A/Program%20Files/Neovim/share/nvim/runtime/lua
[00:34:50.145][info] [#0:script\workspace\loading.lua:101]: Preload file at: file:///c%3A/Program%20Files/Neovim/share/nvim/runtime/lua/vim/_meta/options.lua , size = 331.633 KB
[00:34:50.352][info] [#0:script\workspace\loading.lua:113]: ++++As library of:	file:///c%3A/Program%20Files/Neovim/share/nvim/runtime/lua
[00:34:50.352][info] [#0:script\workspace\loading.lua:101]: Preload file at: file:///c%3A/Program%20Files/Neovim/share/nvim/runtime/lua/vim/_meta/vimfn.lua , size = 409.488 KB
[00:34:50.652][warn] [#0:script\files.lua:558]: Parse LuaDoc of [file:///c%3A/Program%20Files/Neovim/share/nvim/runtime/lua/vim/_meta/vimfn.lua] takes [0.217] sec, size [419.316] kb.
[00:34:50.676][info] [#0:script\workspace\loading.lua:113]: ++++As library of:	file:///c%3A/Program%20Files/Neovim/share/nvim/runtime/lua
[00:34:50.678][info] [#0:script\workspace\loading.lua:101]: Preload file at: file:///c%3A/Program%20Files/Neovim/share/nvim/runtime/lua/vim/_meta/vvars.lua , size = 26.034 KB
[00:34:50.689][info] [#0:script\workspace\loading.lua:113]: ++++As library of:	file:///c%3A/Program%20Files/Neovim/share/nvim/runtime/lua
[00:34:50.690][info] [#0:script\workspace\loading.lua:101]: Preload file at: file:///c%3A/Program%20Files/Neovim/share/nvim/runtime/lua/vim/_meta.lua , size = 1.012 KB
[00:34:50.693][info] [#0:script\workspace\loading.lua:113]: ++++As library of:	file:///c%3A/Program%20Files/Neovim/share/nvim/runtime/lua
[00:34:50.693][info] [#0:script\workspace\loading.lua:101]: Preload file at: file:///c%3A/Program%20Files/Neovim/share/nvim/runtime/lua/vim/_options.lua , size = 26.430 KB
[00:34:50.710][info] [#0:script\workspace\loading.lua:113]: ++++As library of:	file:///c%3A/Program%20Files/Neovim/share/nvim/runtime/lua
[00:34:50.710][info] [#0:script\workspace\loading.lua:101]: Preload file at: file:///c%3A/Program%20Files/Neovim/share/nvim/runtime/lua/vim/_system.lua , size = 9.503 KB
[00:34:50.719][info] [#0:script\workspace\loading.lua:113]: ++++As library of:	file:///c%3A/Program%20Files/Neovim/share/nvim/runtime/lua
[00:34:50.719][info] [#0:script\workspace\loading.lua:101]: Preload file at: file:///c%3A/Program%20Files/Neovim/share/nvim/runtime/lua/vim/_watch.lua , size = 9.215 KB
[00:34:50.727][info] [#0:script\workspace\loading.lua:113]: ++++As library of:	file:///c%3A/Program%20Files/Neovim/share/nvim/runtime/lua
[00:34:50.727][info] [#0:script\workspace\loading.lua:101]: Preload file at: file:///c%3A/Users/anshu/AppData/Local/nvim-data/mason/packages/lua-language-server/meta/LuaJIT%20en-us%20utf8/string.lua , size = 6.323 KB
[00:34:50.732][info] [#0:script\workspace\loading.lua:113]: ++++As library of:	file:///c%3A/Users/anshu/AppData/Local/nvim-data/mason/packages/lua-language-server/meta/LuaJIT%20en-us%20utf8/string.lua
[00:34:50.732][info] [#0:script\workspace\loading.lua:101]: Preload file at: file:///c%3A/Program%20Files/Neovim/share/nvim/runtime/lua/_vim9script.lua , size = 16.053 KB
[00:34:50.744][info] [#0:script\workspace\loading.lua:113]: ++++As library of:	file:///c%3A/Program%20Files/Neovim/share/nvim/runtime/lua
[00:34:50.744][info] [#0:script\workspace\loading.lua:101]: Preload file at: file:///c%3A/Users/anshu/AppData/Local/nvim-data/mason/packages/lua-language-server/meta/LuaJIT%20en-us%20utf8/table/clear.lua , size = 0.797 KB
[00:34:50.745][info] [#0:script\workspace\loading.lua:113]: ++++As library of:	file:///c%3A/Users/anshu/AppData/Local/nvim-data/mason/packages/lua-language-server/meta/LuaJIT%20en-us%20utf8/table/clear.lua
[00:34:50.745][info] [#0:script\workspace\loading.lua:101]: Preload file at: file:///c%3A/Users/anshu/AppData/Local/nvim-data/mason/packages/lua-language-server/meta/LuaJIT%20en-us%20utf8/coroutine.lua , size = 2.541 KB
[00:34:50.748][info] [#0:script\workspace\loading.lua:113]: ++++As library of:	file:///c%3A/Users/anshu/AppData/Local/nvim-data/mason/packages/lua-language-server/meta/LuaJIT%20en-us%20utf8/coroutine.lua
[00:34:50.748][info] [#0:script\workspace\loading.lua:101]: Preload file at: file:///c%3A/Users/anshu/AppData/Local/nvim-data/mason/packages/lua-language-server/meta/LuaJIT%20en-us%20utf8/package.lua , size = 2.699 KB
[00:34:50.750][info] [#0:script\workspace\loading.lua:113]: ++++As library of:	file:///c%3A/Users/anshu/AppData/Local/nvim-data/mason/packages/lua-language-server/meta/LuaJIT%20en-us%20utf8/package.lua
[00:34:50.750][info] [#0:script\workspace\loading.lua:101]: Preload file at: file:///c%3A/Users/anshu/AppData/Local/nvim-data/mason/packages/lua-language-server/meta/LuaJIT%20en-us%20utf8/bit.lua , size = 1.319 KB
[00:34:50.753][info] [#0:script\workspace\loading.lua:113]: ++++As library of:	file:///c%3A/Users/anshu/AppData/Local/nvim-data/mason/packages/lua-language-server/meta/LuaJIT%20en-us%20utf8/bit.lua
[00:34:50.753][info] [#0:script\workspace\loading.lua:101]: Preload file at: file:///c%3A/Users/anshu/AppData/Local/nvim-data/mason/packages/lua-language-server/meta/LuaJIT%20en-us%20utf8/table.lua , size = 4.235 KB
[00:34:50.756][info] [#0:script\workspace\loading.lua:113]: ++++As library of:	file:///c%3A/Users/anshu/AppData/Local/nvim-data/mason/packages/lua-language-server/meta/LuaJIT%20en-us%20utf8/table.lua
[00:34:50.756][info] [#0:script\workspace\loading.lua:101]: Preload file at: file:///c%3A/Users/anshu/AppData/Local/nvim-data/mason/packages/lua-language-server/meta/LuaJIT%20en-us%20utf8/io.lua , size = 6.364 KB
[00:34:50.761][info] [#0:script\workspace\loading.lua:113]: ++++As library of:	file:///c%3A/Users/anshu/AppData/Local/nvim-data/mason/packages/lua-language-server/meta/LuaJIT%20en-us%20utf8/io.lua
[00:34:50.761][info] [#0:script\workspace\loading.lua:101]: Preload file at: file:///c%3A/Users/anshu/AppData/Local/nvim-data/mason/packages/lua-language-server/meta/LuaJIT%20en-us%20utf8/jit.lua , size = 0.884 KB
[00:34:50.763][info] [#0:script\workspace\loading.lua:113]: ++++As library of:	file:///c%3A/Users/anshu/AppData/Local/nvim-data/mason/packages/lua-language-server/meta/LuaJIT%20en-us%20utf8/jit.lua
[00:34:50.763][info] [#0:script\workspace\loading.lua:101]: Preload file at: file:///c%3A/Users/anshu/AppData/Local/nvim-data/mason/packages/lua-language-server/meta/LuaJIT%20en-us%20utf8/ffi.lua , size = 2.529 KB
[00:34:50.768][info] [#0:script\workspace\loading.lua:113]: ++++As library of:	file:///c%3A/Users/anshu/AppData/Local/nvim-data/mason/packages/lua-language-server/meta/LuaJIT%20en-us%20utf8/ffi.lua
[00:34:50.768][info] [#0:script\workspace\loading.lua:101]: Preload file at: file:///c%3A/Users/anshu/AppData/Local/nvim-data/mason/packages/lua-language-server/meta/LuaJIT%20en-us%20utf8/jit/util.lua , size = 1.984 KB
[00:34:50.771][info] [#0:script\workspace\loading.lua:113]: ++++As library of:	file:///c%3A/Users/anshu/AppData/Local/nvim-data/mason/packages/lua-language-server/meta/LuaJIT%20en-us%20utf8/jit/util.lua
[00:34:50.771][info] [#0:script\workspace\loading.lua:101]: Preload file at: file:///c%3A/Users/anshu/AppData/Local/nvim-data/mason/packages/lua-language-server/meta/LuaJIT%20en-us%20utf8/math.lua , size = 7.949 KB
[00:34:50.777][info] [#0:script\workspace\loading.lua:113]: ++++As library of:	file:///c%3A/Users/anshu/AppData/Local/nvim-data/mason/packages/lua-language-server/meta/LuaJIT%20en-us%20utf8/math.lua
[00:34:50.778][info] [#0:script\workspace\loading.lua:101]: Preload file at: file:///c%3A/Users/anshu/AppData/Local/nvim-data/mason/packages/lua-language-server/meta/LuaJIT%20en-us%20utf8/basic.lua , size = 15.231 KB
[00:34:50.789][info] [#0:script\workspace\loading.lua:113]: ++++As library of:	file:///c%3A/Users/anshu/AppData/Local/nvim-data/mason/packages/lua-language-server/meta/LuaJIT%20en-us%20utf8/basic.lua
[00:34:50.789][info] [#0:script\workspace\loading.lua:101]: Preload file at: file:///c%3A/Users/anshu/AppData/Local/nvim-data/mason/packages/lua-language-server/meta/LuaJIT%20en-us%20utf8/os.lua , size = 5.600 KB
[00:34:50.793][info] [#0:script\workspace\loading.lua:113]: ++++As library of:	file:///c%3A/Users/anshu/AppData/Local/nvim-data/mason/packages/lua-language-server/meta/LuaJIT%20en-us%20utf8/os.lua
[00:34:50.793][info] [#0:script\workspace\loading.lua:101]: Preload file at: file:///c%3A/Users/anshu/AppData/Local/nvim-data/mason/packages/lua-language-server/meta/LuaJIT%20en-us%20utf8/jit/profile.lua , size = 0.348 KB
[00:34:50.794][info] [#0:script\workspace\loading.lua:113]: ++++As library of:	file:///c%3A/Users/anshu/AppData/Local/nvim-data/mason/packages/lua-language-server/meta/LuaJIT%20en-us%20utf8/jit/profile.lua
[00:34:50.794][info] [#0:script\workspace\loading.lua:101]: Preload file at: file:///c%3A/Users/anshu/AppData/Local/nvim-data/mason/packages/lua-language-server/meta/LuaJIT%20en-us%20utf8/string/buffer.lua , size = 18.123 KB
[00:34:50.801][info] [#0:script\workspace\loading.lua:113]: ++++As library of:	file:///c%3A/Users/anshu/AppData/Local/nvim-data/mason/packages/lua-language-server/meta/LuaJIT%20en-us%20utf8/string/buffer.lua
[00:34:50.801][info] [#0:script\workspace\loading.lua:101]: Preload file at: file:///c%3A/Program%20Files/Neovim/share/nvim/runtime/autoload/ccomplete.lua , size = 27.245 KB
[00:34:50.823][info] [#0:script\workspace\loading.lua:101]: Preload file at: file:///c%3A/Program%20Files/Neovim/share/nvim/runtime/filetype.lua , size = 1.966 KB
[00:34:50.826][info] [#0:script\workspace\loading.lua:101]: Preload file at: file:///c%3A/Program%20Files/Neovim/share/nvim/runtime/colors/vim.lua , size = 17.269 KB
[00:34:50.836][info] [#0:script\workspace\loading.lua:101]: Preload file at: file:///c%3A/Program%20Files/Neovim/share/nvim/runtime/ftplugin/c.lua , size = 0.405 KB
[00:34:50.837][info] [#0:script\workspace\loading.lua:101]: Preload file at: file:///c%3A/Program%20Files/Neovim/share/nvim/runtime/ftplugin/cs.lua , size = 0.032 KB
[00:34:50.837][info] [#0:script\workspace\loading.lua:101]: Preload file at: file:///c%3A/Program%20Files/Neovim/share/nvim/runtime/ftplugin/calender.lua , size = 0.032 KB
[00:34:50.837][info] [#0:script\workspace\loading.lua:101]: Preload file at: file:///c%3A/Program%20Files/Neovim/share/nvim/runtime/ftplugin/css.lua , size = 0.032 KB
[00:34:50.838][info] [#0:script\workspace\loading.lua:101]: Preload file at: file:///c%3A/Program%20Files/Neovim/share/nvim/runtime/ftplugin/help.lua , size = 1.158 KB
[00:34:50.839][info] [#0:script\workspace\loading.lua:101]: Preload file at: file:///c%3A/Program%20Files/Neovim/share/nvim/runtime/ftplugin/d.lua , size = 0.032 KB
[00:34:50.839][info] [#0:script\workspace\loading.lua:101]: Preload file at: file:///c%3A/Program%20Files/Neovim/share/nvim/runtime/ftplugin/indent.lua , size = 0.032 KB
[00:34:50.839][info] [#0:script\workspace\loading.lua:101]: Preload file at: file:///c%3A/Program%20Files/Neovim/share/nvim/runtime/ftplugin/lua.lua , size = 0.054 KB
[00:34:50.840][info] [#0:script\workspace\loading.lua:101]: Preload file at: file:///c%3A/Program%20Files/Neovim/share/nvim/runtime/ftplugin/query.lua , size = 0.889 KB
[00:34:50.841][info] [#0:script\workspace\loading.lua:101]: Preload file at: file:///c%3A/Program%20Files/Neovim/share/nvim/runtime/indent/query.lua , size = 0.140 KB
[00:34:50.842][info] [#0:script\workspace\loading.lua:101]: Preload file at: file:///c%3A/Program%20Files/Neovim/share/nvim/runtime/ftplugin/xdefaults.lua , size = 0.032 KB
[00:34:50.842][info] [#0:script\workspace\loading.lua:101]: Preload file at: file:///c%3A/Program%20Files/Neovim/share/nvim/runtime/pack/dist/opt/cfilter/plugin/cfilter.lua , size = 3.377 KB
[00:34:50.952][info] [#0:script\workspace\loading.lua:101]: Preload file at: file:///c%3A/Program%20Files/Neovim/share/nvim/runtime/plugin/editorconfig.lua , size = 0.409 KB
[00:34:50.953][info] [#0:script\workspace\loading.lua:101]: Preload file at: file:///c%3A/Program%20Files/Neovim/share/nvim/runtime/plugin/osc52.lua , size = 1.011 KB
[00:34:50.954][info] [#0:script\workspace\loading.lua:101]: Preload file at: file:///c%3A/Program%20Files/Neovim/share/nvim/runtime/plugin/tohtml.lua , size = 0.391 KB
[00:34:50.955][info] [#0:script\workspace\loading.lua:101]: Preload file at: file:///c%3A/Program%20Files/Neovim/share/nvim/runtime/plugin/man.lua , size = 0.840 KB
[00:34:50.956][info] [#0:script\workspace\loading.lua:101]: Preload file at: file:///c%3A/Program%20Files/Neovim/share/nvim/runtime/syntax/query.lua , size = 0.140 KB
[00:34:51.064][info] [#0:script\workspace\loading.lua:173]: Loaded files takes [2.584] sec: file:///c%3A/Program%20Files/Neovim/share/nvim/runtime
[00:34:51.064][info] [#0:script\workspace\loading.lua:182]: Compile files takes [0.000] sec: file:///c%3A/Program%20Files/Neovim/share/nvim/runtime
[00:34:51.064][info] [#0:script\workspace\loading.lua:183]: Loaded finish:	file:///c%3A/Program%20Files/Neovim/share/nvim/runtime
[00:34:51.064][info] [#0:script\workspace\workspace.lua:381]: Preload finish at:	file:///c%3A/Program%20Files/Neovim/share/nvim/runtime
[00:34:51.095][warn] [#0:script\proto\proto.lua:187]: Method [textDocument/didOpen] takes [7.132]sec. {
  jsonrpc = "2.0",
  method = "textDocument/didOpen",
  params = {
    textDocument = {
      languageId = "lua",
      text = '"***"',
      uri = "file:///C:/Program%20Files/Neovim/share/nvim/runtime/lua/vim/treesitter/language.lua",
      version = 0
    }
  }
}
[00:34:51.097][info] [#0:script\provider\diagnostic.lua:560]: Diagnostics scope [file:///c%3A/Program%20Files/Neovim/share/nvim/runtime], files count:[157]
[00:34:51.098][warn] [#0:script\proto\proto.lua:187]: Method [textDocument/documentHighlight] takes [1.627]sec. {
  id = 14,
  jsonrpc = "2.0",
  method = "textDocument/documentHighlight",
  params = {
    position = {
      character = 35,
      line = 111
    },
    textDocument = {
      uri = "file:///C:/Program%20Files/Neovim/share/nvim/runtime/lua/vim/treesitter/language.lua"
    }
  }
}
[00:34:51.132][warn] [#0:script\proto\proto.lua:187]: Method [textDocument/semanticTokens/full] takes [1.792]sec. {
  id = 12,
  jsonrpc = "2.0",
  method = "textDocument/semanticTokens/full",
  params = {
    textDocument = {
      uri = "file:///C:/Program%20Files/Neovim/share/nvim/runtime/lua/vim/treesitter/language.lua"
    }
  }
}
[00:34:51.133][info] [#0:script\provider\provider.lua:169]: Server shutdown.
[00:34:51.149][warn] [#0:script\proto\proto.lua:187]: Method [textDocument/inlayHint] takes [1.816]sec. {
  id = 7,
  jsonrpc = "2.0",
  method = "textDocument/inlayHint",
  params = {
    range = {
      end = {
        character = 0,
        line = 156
      },
      start = {
        character = 0,
        line = 0
      }
    },
    textDocument = {
      uri = "file:///C:/Program%20Files/Neovim/share/nvim/runtime/lua/vim/treesitter/language.lua"
    }
  }
}
[00:34:51.149][warn] [#0:script\proto\proto.lua:187]: Method [textDocument/inlayHint] takes [1.816]sec. {
  id = 9,
  jsonrpc = "2.0",
  method = "textDocument/inlayHint",
  params = {
    range = {
      end = {
        character = 0,
        line = 156
      },
      start = {
        character = 0,
        line = 0
      }
    },
    textDocument = {
      uri = "file:///C:/Program%20Files/Neovim/share/nvim/runtime/lua/vim/treesitter/language.lua"
    }
  }
}
[00:34:51.150][warn] [#0:script\proto\proto.lua:187]: Method [textDocument/inlayHint] takes [1.816]sec. {
  id = 11,
  jsonrpc = "2.0",
  method = "textDocument/inlayHint",
  params = {
    range = {
      end = {
        character = 0,
        line = 156
      },
      start = {
        character = 0,
        line = 0
      }
    },
    textDocument = {
      uri = "file:///C:/Program%20Files/Neovim/share/nvim/runtime/lua/vim/treesitter/language.lua"
    }
  }
}
[00:34:51.150][warn] [#0:script\proto\proto.lua:187]: Method [textDocument/inlayHint] takes [1.810]sec. {
  id = 13,
  jsonrpc = "2.0",
  method = "textDocument/inlayHint",
  params = {
    range = {
      end = {
        character = 0,
        line = 156
      },
      start = {
        character = 0,
        line = 0
      }
    },
    textDocument = {
      uri = "file:///C:/Program%20Files/Neovim/share/nvim/runtime/lua/vim/treesitter/language.lua"
    }
  }
}
[00:34:51.160][warn] [#0:script\proto\proto.lua:187]: Method [textDocument/documentSymbol] takes [6.634]sec. {
  id = 5,
  jsonrpc = "2.0",
  method = "textDocument/documentSymbol",
  params = {
    textDocument = {
      uri = "file:///C:/Program%20Files/Neovim/share/nvim/runtime/lua/vim/treesitter/language.lua"
    }
  }
}
[00:34:51.253][info] [#0:script\provider\provider.lua:162]: Server exited.
