[02:10:11.507][info] [#0:C:/Users/anshu/AppData/Local/nvim-data/mason/packages/lua-language-server\main.lua:68]: Lua Lsp startup, root: 	C:/Users/anshu/AppData/Local/nvim-data/mason/packages/lua-language-server
[02:10:11.508][info] [#0:C:/Users/anshu/AppData/Local/nvim-data/mason/packages/lua-language-server\main.lua:69]: ROOT:	C:/Users/anshu/AppData/Local/nvim-data/mason/packages/lua-language-server
[02:10:11.508][info] [#0:C:/Users/anshu/AppData/Local/nvim-data/mason/packages/lua-language-server\main.lua:70]: LOGPATH:	C:/Users/anshu/AppData/Local/nvim-data/mason/packages/lua-language-server/log
[02:10:11.508][info] [#0:C:/Users/anshu/AppData/Local/nvim-data/mason/packages/lua-language-server\main.lua:71]: METAPATH:	C:/Users/anshu/AppData/Local/nvim-data/mason/packages/lua-language-server/meta
[02:10:11.508][info] [#0:C:/Users/anshu/AppData/Local/nvim-data/mason/packages/lua-language-server\main.lua:72]: VERSION:	3.9.3
[02:10:11.534][info] [#0:script\proto\proto.lua:234]: Listen Mode: stdio
[02:10:11.534][info] [#0:script\service\service.lua:145]: 
========= Medical Examination Report =========
    --------------- Memory ---------------
        Total: 2.202 MB
        # 00 : 2.202 MB
        # 01 : 0.000 MB
        # 02 : 0.000 MB
        # 03 : 0.000 MB
        # 04 : 0.000 MB
    --------------- Coroutine ---------------
        Total:     0
        Running:   0
        Suspended: 0
        Normal:    0
        Dead:      0
    --------------- Cache ---------------
        Total: 1
        Dead:  0
    ---------------  RPC  ---------------
        Holdon:   0
        Waiting:  0
==============================================
[02:10:11.540][info] [#0:script\client.lua:657]: Client init	{
  capabilities = {
    general = {
      positionEncodings = { "utf-16" }
    },
    textDocument = {
      callHierarchy = {
        dynamicRegistration = false
      },
      codeAction = {
        codeActionLiteralSupport = {
          codeActionKind = {
            valueSet = { "", "quickfix", "refactor", "refactor.extract", "refactor.inline", "refactor.rewrite", "source", "source.organizeImports" }
          }
        },
        dataSupport = true,
        dynamicRegistration = true,
        isPreferredSupport = true,
        resolveSupport = {
          properties = { "edit" }
        }
      },
      completion = {
        completionItem = {
          commitCharactersSupport = true,
          deprecatedSupport = true,
          documentationFormat = { "markdown", "plaintext" },
          insertReplaceSupport = true,
          insertTextModeSupport = {
            valueSet = { 1, 2 }
          },
          labelDetailsSupport = true,
          preselectSupport = true,
          resolveSupport = {
            properties = { "documentation", "detail", "additionalTextEdits", "sortText", "filterText", "insertText", "textEdit", "insertTextFormat", "insertTextMode" }
          },
          snippetSupport = true,
          tagSupport = {
            valueSet = { 1 }
          }
        },
        completionItemKind = {
          valueSet = { 1, 2, 3, 4, 5, 6, 7, 8, 9, 10, 11, 12, 13, 14, 15, 16, 17, 18, 19, 20, 21, 22, 23, 24, 25 }
        },
        completionList = {
          itemDefaults = { "commitCharacters", "editRange", "insertTextFormat", "insertTextMode", "data" }
        },
        contextSupport = true,
        dynamicRegistration = false,
        insertTextMode = 1
      },
      declaration = {
        linkSupport = true
      },
      definition = {
        dynamicRegistration = true,
        linkSupport = true
      },
      diagnostic = {
        dynamicRegistration = false
      },
      documentHighlight = {
        dynamicRegistration = false
      },
      documentSymbol = {
        dynamicRegistration = false,
        hierarchicalDocumentSymbolSupport = true,
        symbolKind = {
          valueSet = { 1, 2, 3, 4, 5, 6, 7, 8, 9, 10, 11, 12, 13, 14, 15, 16, 17, 18, 19, 20, 21, 22, 23, 24, 25, 26 }
        }
      },
      formatting = {
        dynamicRegistration = true
      },
      hover = {
        contentFormat = { "markdown", "plaintext" },
        dynamicRegistration = true
      },
      implementation = {
        linkSupport = true
      },
      inlayHint = {
        dynamicRegistration = true,
        resolveSupport = {
          properties = { "textEdits", "tooltip", "location", "command" }
        }
      },
      publishDiagnostics = {
        dataSupport = true,
        relatedInformation = true,
        tagSupport = {
          valueSet = { 1, 2 }
        }
      },
      rangeFormatting = {
        dynamicRegistration = true
      },
      references = {
        dynamicRegistration = false
      },
      rename = {
        dynamicRegistration = true,
        prepareSupport = true
      },
      semanticTokens = {
        augmentsSyntaxTokens = true,
        dynamicRegistration = false,
        formats = { "relative" },
        multilineTokenSupport = false,
        overlappingTokenSupport = true,
        requests = {
          full = {
            delta = true
          },
          range = false
        },
        serverCancelSupport = false,
        tokenModifiers = { "declaration", "definition", "readonly", "static", "deprecated", "abstract", "async", "modification", "documentation", "defaultLibrary" },
        tokenTypes = { "namespace", "type", "class", "enum", "interface", "struct", "typeParameter", "parameter", "variable", "property", "enumMember", "event", "function", "method", "macro", "keyword", "modifier", "comment", "string", "number", "regexp", "operator", "decorator" }
      },
      signatureHelp = {
        dynamicRegistration = false,
        signatureInformation = {
          activeParameterSupport = true,
          documentationFormat = { "markdown", "plaintext" },
          parameterInformation = {
            labelOffsetSupport = true
          }
        }
      },
      synchronization = {
        didSave = true,
        dynamicRegistration = false,
        willSave = true,
        willSaveWaitUntil = true
      },
      typeDefinition = {
        linkSupport = true
      }
    },
    window = {
      showDocument = {
        support = true
      },
      showMessage = {
        messageActionItem = {
          additionalPropertiesSupport = false
        }
      },
      workDoneProgress = true
    },
    workspace = {
      applyEdit = true,
      configuration = true,
      didChangeConfiguration = {
        dynamicRegistration = false
      },
      didChangeWatchedFiles = {
        dynamicRegistration = true,
        relativePatternSupport = true
      },
      fileOperations = {
        didRename = true,
        willRename = true
      },
      inlayHint = {
        refreshSupport = true
      },
      semanticTokens = {
        refreshSupport = true
      },
      symbol = {
        dynamicRegistration = false,
        symbolKind = {
          valueSet = { 1, 2, 3, 4, 5, 6, 7, 8, 9, 10, 11, 12, 13, 14, 15, 16, 17, 18, 19, 20, 21, 22, 23, 24, 25, 26 }
        }
      },
      workspaceEdit = {
        resourceOperations = { "rename", "create", "delete" }
      },
      workspaceFolders = true
    }
  },
  clientInfo = {
    name = "Neovim",
    version = "0.10.0-dev+g27fb62988"
  },
  initializationOptions = {},
  processId = 2996,
  rootPath = "C:\\Users\\anshu\\AppData\\Local\\nvim-data\\lazy\\nvim-treesitter",
  rootUri = "file:///C:/Users/anshu/AppData/Local/nvim-data/lazy/nvim-treesitter",
  trace = "off",
  workDoneToken = "1",
  workspaceFolders = { {
      name = "C:/Users/anshu/AppData/Local/nvim-data/lazy/nvim-treesitter",
      uri = "file:///C:/Users/anshu/AppData/Local/nvim-data/lazy/nvim-treesitter"
    } }
}
[02:10:11.540][info] [#0:script\language.lua:137]: VSC language: nil
[02:10:11.540][info] [#0:script\language.lua:138]: LS  language: en-us
[02:10:11.540][info] [#0:script\workspace\workspace.lua:38]: Workspace init root: 	file:///C:/Users/anshu/AppData/Local/nvim-data/lazy/nvim-treesitter
[02:10:11.540][info] [#0:script\workspace\workspace.lua:42]: Log path: 	C:/Users/anshu/AppData/Local/nvim-data/mason/packages/lua-language-server/log/file_C_Users_anshu_AppData_Local_nvim-data_lazy_nvim-treesitter.log
[02:10:11.549][info] [#0:script\workspace\workspace.lua:48]: Workspace create: 	file:///c%3A/Users/anshu/AppData/Local/nvim-data/lazy/nvim-treesitter
[02:10:11.881][info] [#0:script\provider\provider.lua:46]: Load config from client	file:///c%3A/Users/anshu/AppData/Local/nvim-data/lazy/nvim-treesitter
[02:10:11.881][info] [#0:script\provider\provider.lua:47]: {
  Lua = {
    codeLens = {
      enable = true
    },
    completion = {
      callSnippet = "Replace"
    },
    doc = {
      privateName = { "^_" }
    },
    hint = {
      arrayIndex = "Disable",
      enable = true,
      paramName = "Disable",
      paramType = true,
      semicolon = "Disable",
      setType = false
    },
    runtime = {
      path = { "?.lua", "?/init.lua" },
      pathStrict = true,
      version = "LuaJIT"
    },
    workspace = {
      checkThirdParty = false,
      ignoreDir = { "/lua" },
      library = { "c:/Program Files/Neovim/share/nvim/runtime/lua", "c:/Users/anshu/AppData/Local/nvim-data/lazy/nvim-treesitter/lua" }
    }
  }
}
[02:10:11.881][info] [#0:script\provider\provider.lua:53]: Load config from .luarc.json/.luarc.jsonc	file:///c%3A/Users/anshu/AppData/Local/nvim-data/lazy/nvim-treesitter
[02:10:11.881][info] [#0:script\provider\provider.lua:54]: {
  ["$schema"] = "https://raw.githubusercontent.com/LuaLS/vscode-lua/master/setting/schema.json",
  diagnostics = {
    groupFileStatus = {
      strict = "Opened",
      strong = "Opened"
    },
    groupSeverity = {
      strict = "Warning",
      strong = "Warning"
    },
    unusedLocalExclude = { "_*" }
  },
  runtime = {
    version = "LuaJIT"
  },
  workspace = {
    checkThirdParty = false,
    library = { "lua", "$VIMRUNTIME", "${3rd}/luv/library" }
  }
}
[02:10:11.881][info] [#0:script\provider\provider.lua:46]: Load config from client	file:///c%3A/Users/anshu/AppData/Local/nvim-data/lazy/nvim-treesitter
[02:10:11.881][info] [#0:script\provider\provider.lua:47]: {
  Lua = {
    codeLens = {
      enable = true
    },
    completion = {
      callSnippet = "Replace"
    },
    doc = {
      privateName = { "^_" }
    },
    hint = {
      arrayIndex = "Disable",
      enable = true,
      paramName = "Disable",
      paramType = true,
      semicolon = "Disable",
      setType = false
    },
    runtime = {
      path = { "?.lua", "?/init.lua" },
      pathStrict = true,
      version = "LuaJIT"
    },
    workspace = {
      checkThirdParty = false,
      ignoreDir = { "/lua" },
      library = { "c:/Program Files/Neovim/share/nvim/runtime/lua", "c:/Users/anshu/AppData/Local/nvim-data/lazy/nvim-treesitter/lua" }
    }
  }
}
[02:10:11.882][info] [#0:script\provider\provider.lua:53]: Load config from .luarc.json/.luarc.jsonc	file:///c%3A/Users/anshu/AppData/Local/nvim-data/lazy/nvim-treesitter
[02:10:11.882][info] [#0:script\provider\provider.lua:54]: {
  ["$schema"] = "https://raw.githubusercontent.com/LuaLS/vscode-lua/master/setting/schema.json",
  diagnostics = {
    groupFileStatus = {
      strict = "Opened",
      strong = "Opened"
    },
    groupSeverity = {
      strict = "Warning",
      strong = "Warning"
    },
    unusedLocalExclude = { "_*" }
  },
  runtime = {
    version = "LuaJIT"
  },
  workspace = {
    checkThirdParty = false,
    library = { "lua", "$VIMRUNTIME", "${3rd}/luv/library" }
  }
}
[02:10:11.882][info] [#0:script\provider\provider.lua:46]: Load config from client	file:///c%3A/Users/anshu/AppData/Local/nvim-data/lazy/nvim-treesitter
[02:10:11.882][info] [#0:script\provider\provider.lua:47]: {
  Lua = {
    codeLens = {
      enable = true
    },
    completion = {
      callSnippet = "Replace"
    },
    doc = {
      privateName = { "^_" }
    },
    hint = {
      arrayIndex = "Disable",
      enable = true,
      paramName = "Disable",
      paramType = true,
      semicolon = "Disable",
      setType = false
    },
    runtime = {
      path = { "?.lua", "?/init.lua" },
      pathStrict = true,
      version = "LuaJIT"
    },
    workspace = {
      checkThirdParty = false,
      ignoreDir = { "/lua" },
      library = { "c:/Program Files/Neovim/share/nvim/runtime/lua", "c:/Users/anshu/AppData/Local/nvim-data/lazy/nvim-treesitter/lua" }
    }
  }
}
[02:10:11.882][info] [#0:script\provider\provider.lua:53]: Load config from .luarc.json/.luarc.jsonc	file:///c%3A/Users/anshu/AppData/Local/nvim-data/lazy/nvim-treesitter
[02:10:11.883][info] [#0:script\provider\provider.lua:54]: {
  ["$schema"] = "https://raw.githubusercontent.com/LuaLS/vscode-lua/master/setting/schema.json",
  diagnostics = {
    groupFileStatus = {
      strict = "Opened",
      strong = "Opened"
    },
    groupSeverity = {
      strict = "Warning",
      strong = "Warning"
    },
    unusedLocalExclude = { "_*" }
  },
  runtime = {
    version = "LuaJIT"
  },
  workspace = {
    checkThirdParty = false,
    library = { "lua", "$VIMRUNTIME", "${3rd}/luv/library" }
  }
}
[02:10:11.883][warn] [#0:script\config\loader.lua:116]: No config?	{}
[02:10:11.883][info] [#0:script\provider\provider.lua:61]: Load config from client	fallback
[02:10:11.883][info] [#0:script\provider\provider.lua:62]: nil
[02:10:11.883][warn] [#0:script\config\loader.lua:116]: No config?	{}
[02:10:11.883][info] [#0:script\provider\provider.lua:61]: Load config from client	fallback
[02:10:11.883][info] [#0:script\provider\provider.lua:62]: nil
[02:10:11.883][warn] [#0:script\config\loader.lua:116]: No config?	{}
[02:10:11.883][info] [#0:script\provider\provider.lua:61]: Load config from client	fallback
[02:10:11.883][info] [#0:script\provider\provider.lua:62]: nil
[02:10:11.998][info] [#0:script\library.lua:212]: Init builtin library at:	file:///c%3A/Users/anshu/AppData/Local/nvim-data/lazy/nvim-treesitter
[02:10:12.013][info] [#0:script\library.lua:212]: Init builtin library at:	nil
[02:10:12.131][info] [#0:script\workspace\workspace.lua:324]: Preload start:	file:///c%3A/Users/anshu/AppData/Local/nvim-data/lazy/nvim-treesitter
[02:10:12.135][info] [#0:script\workspace\workspace.lua:330]: Scan files at:	file:///c%3A/Users/anshu/AppData/Local/nvim-data/lazy/nvim-treesitter
[02:10:12.136][info] [#0:script\workspace\workspace.lua:324]: Preload start:	<fallback>
[02:10:12.138][info] [#0:script\workspace\workspace.lua:353]: Scan library at:	file:///c%3A/Users/anshu/AppData/Local/nvim-data/mason/packages/lua-language-server/meta/Lua%205.4%20en-us%20utf8/table.lua
[02:10:12.138][info] [#0:script\workspace\workspace.lua:353]: Scan library at:	file:///c%3A/Users/anshu/AppData/Local/nvim-data/mason/packages/lua-language-server/meta/Lua%205.4%20en-us%20utf8/os.lua
[02:10:12.139][info] [#0:script\workspace\workspace.lua:353]: Scan library at:	file:///c%3A/Users/anshu/AppData/Local/nvim-data/mason/packages/lua-language-server/meta/Lua%205.4%20en-us%20utf8/string.lua
[02:10:12.139][info] [#0:script\workspace\workspace.lua:353]: Scan library at:	file:///c%3A/Users/anshu/AppData/Local/nvim-data/mason/packages/lua-language-server/meta/Lua%205.4%20en-us%20utf8/debug.lua
[02:10:12.140][info] [#0:script\workspace\workspace.lua:353]: Scan library at:	file:///c%3A/Users/anshu/AppData/Local/nvim-data/mason/packages/lua-language-server/meta/Lua%205.4%20en-us%20utf8/math.lua
[02:10:12.140][info] [#0:script\workspace\workspace.lua:353]: Scan library at:	file:///c%3A/Users/anshu/AppData/Local/nvim-data/mason/packages/lua-language-server/meta/Lua%205.4%20en-us%20utf8/package.lua
[02:10:12.141][info] [#0:script\workspace\workspace.lua:353]: Scan library at:	file:///c%3A/Users/anshu/AppData/Local/nvim-data/mason/packages/lua-language-server/meta/Lua%205.4%20en-us%20utf8/utf8.lua
[02:10:12.141][info] [#0:script\workspace\workspace.lua:353]: Scan library at:	file:///c%3A/Users/anshu/AppData/Local/nvim-data/mason/packages/lua-language-server/meta/Lua%205.4%20en-us%20utf8/builtin.lua
[02:10:12.142][info] [#0:script\workspace\workspace.lua:353]: Scan library at:	file:///c%3A/Users/anshu/AppData/Local/nvim-data/mason/packages/lua-language-server/meta/Lua%205.4%20en-us%20utf8/basic.lua
[02:10:12.142][info] [#0:script\workspace\workspace.lua:353]: Scan library at:	file:///c%3A/Users/anshu/AppData/Local/nvim-data/mason/packages/lua-language-server/meta/Lua%205.4%20en-us%20utf8/coroutine.lua
[02:10:12.143][info] [#0:script\workspace\workspace.lua:353]: Scan library at:	file:///c%3A/Users/anshu/AppData/Local/nvim-data/mason/packages/lua-language-server/meta/Lua%205.4%20en-us%20utf8/io.lua
[02:10:12.243][info] [#0:script\workspace\workspace.lua:379]: Found 11 files at:	<fallback>
[02:10:12.243][info] [#0:script\workspace\loading.lua:161]: Load files from disk:	<fallback>
[02:10:12.244][info] [#0:script\workspace\loading.lua:101]: Preload file at: file:///c%3A/Users/anshu/AppData/Local/nvim-data/mason/packages/lua-language-server/meta/Lua%205.4%20en-us%20utf8/coroutine.lua , size = 2.590 KB
[02:10:12.245][info] [#0:script\workspace\loading.lua:113]: ++++As library of:	file:///c%3A/Users/anshu/AppData/Local/nvim-data/mason/packages/lua-language-server/meta/Lua%205.4%20en-us%20utf8/coroutine.lua
[02:10:12.245][info] [#0:script\workspace\loading.lua:101]: Preload file at: file:///c%3A/Users/anshu/AppData/Local/nvim-data/mason/packages/lua-language-server/meta/Lua%205.4%20en-us%20utf8/basic.lua , size = 15.619 KB
[02:10:12.255][info] [#0:script\workspace\loading.lua:113]: ++++As library of:	file:///c%3A/Users/anshu/AppData/Local/nvim-data/mason/packages/lua-language-server/meta/Lua%205.4%20en-us%20utf8/basic.lua
[02:10:12.255][info] [#0:script\workspace\loading.lua:101]: Preload file at: file:///c%3A/Users/anshu/AppData/Local/nvim-data/mason/packages/lua-language-server/meta/Lua%205.4%20en-us%20utf8/builtin.lua , size = 0.302 KB
[02:10:12.255][info] [#0:script\workspace\loading.lua:113]: ++++As library of:	file:///c%3A/Users/anshu/AppData/Local/nvim-data/mason/packages/lua-language-server/meta/Lua%205.4%20en-us%20utf8/builtin.lua
[02:10:12.255][info] [#0:script\workspace\loading.lua:101]: Preload file at: file:///c%3A/Users/anshu/AppData/Local/nvim-data/mason/packages/lua-language-server/meta/Lua%205.4%20en-us%20utf8/io.lua , size = 6.364 KB
[02:10:12.258][info] [#0:script\workspace\loading.lua:113]: ++++As library of:	file:///c%3A/Users/anshu/AppData/Local/nvim-data/mason/packages/lua-language-server/meta/Lua%205.4%20en-us%20utf8/io.lua
[02:10:12.258][info] [#0:script\workspace\loading.lua:101]: Preload file at: file:///c%3A/Users/anshu/AppData/Local/nvim-data/mason/packages/lua-language-server/meta/Lua%205.4%20en-us%20utf8/utf8.lua , size = 2.386 KB
[02:10:12.260][info] [#0:script\workspace\loading.lua:113]: ++++As library of:	file:///c%3A/Users/anshu/AppData/Local/nvim-data/mason/packages/lua-language-server/meta/Lua%205.4%20en-us%20utf8/utf8.lua
[02:10:12.260][info] [#0:script\workspace\loading.lua:101]: Preload file at: file:///c%3A/Users/anshu/AppData/Local/nvim-data/mason/packages/lua-language-server/meta/Lua%205.4%20en-us%20utf8/package.lua , size = 2.944 KB
[02:10:12.261][info] [#0:script\workspace\loading.lua:113]: ++++As library of:	file:///c%3A/Users/anshu/AppData/Local/nvim-data/mason/packages/lua-language-server/meta/Lua%205.4%20en-us%20utf8/package.lua
[02:10:12.261][info] [#0:script\workspace\loading.lua:101]: Preload file at: file:///c%3A/Users/anshu/AppData/Local/nvim-data/mason/packages/lua-language-server/meta/Lua%205.4%20en-us%20utf8/math.lua , size = 8.509 KB
[02:10:12.265][info] [#0:script\workspace\loading.lua:113]: ++++As library of:	file:///c%3A/Users/anshu/AppData/Local/nvim-data/mason/packages/lua-language-server/meta/Lua%205.4%20en-us%20utf8/math.lua
[02:10:12.265][info] [#0:script\workspace\loading.lua:101]: Preload file at: file:///c%3A/Users/anshu/AppData/Local/nvim-data/mason/packages/lua-language-server/meta/Lua%205.4%20en-us%20utf8/debug.lua , size = 7.637 KB
[02:10:12.271][info] [#0:script\workspace\loading.lua:113]: ++++As library of:	file:///c%3A/Users/anshu/AppData/Local/nvim-data/mason/packages/lua-language-server/meta/Lua%205.4%20en-us%20utf8/debug.lua
[02:10:12.271][info] [#0:script\workspace\loading.lua:101]: Preload file at: file:///c%3A/Users/anshu/AppData/Local/nvim-data/mason/packages/lua-language-server/meta/Lua%205.4%20en-us%20utf8/string.lua , size = 6.341 KB
[02:10:12.274][info] [#0:script\workspace\loading.lua:113]: ++++As library of:	file:///c%3A/Users/anshu/AppData/Local/nvim-data/mason/packages/lua-language-server/meta/Lua%205.4%20en-us%20utf8/string.lua
[02:10:12.274][info] [#0:script\workspace\loading.lua:101]: Preload file at: file:///c%3A/Users/anshu/AppData/Local/nvim-data/mason/packages/lua-language-server/meta/Lua%205.4%20en-us%20utf8/os.lua , size = 5.600 KB
[02:10:12.277][info] [#0:script\workspace\loading.lua:113]: ++++As library of:	file:///c%3A/Users/anshu/AppData/Local/nvim-data/mason/packages/lua-language-server/meta/Lua%205.4%20en-us%20utf8/os.lua
[02:10:12.277][info] [#0:script\workspace\loading.lua:101]: Preload file at: file:///c%3A/Users/anshu/AppData/Local/nvim-data/mason/packages/lua-language-server/meta/Lua%205.4%20en-us%20utf8/table.lua , size = 4.235 KB
[02:10:12.279][info] [#0:script\workspace\loading.lua:113]: ++++As library of:	file:///c%3A/Users/anshu/AppData/Local/nvim-data/mason/packages/lua-language-server/meta/Lua%205.4%20en-us%20utf8/table.lua
[02:10:12.377][info] [#0:script\workspace\loading.lua:173]: Loaded files takes [0.134] sec: <fallback>
[02:10:12.377][info] [#0:script\workspace\loading.lua:182]: Compile files takes [0.000] sec: <fallback>
[02:10:12.377][info] [#0:script\workspace\loading.lua:183]: Loaded finish:	<fallback>
[02:10:12.377][info] [#0:script\workspace\workspace.lua:381]: Preload finish at:	<fallback>
[02:10:12.420][info] [#0:script\workspace\workspace.lua:353]: Scan library at:	file:///c%3A/Users/anshu/AppData/Local/nvim-data/mason/packages/lua-language-server/meta/LuaJIT%20en-us%20utf8/jit/profile.lua
[02:10:12.420][info] [#0:script\workspace\workspace.lua:353]: Scan library at:	file:///c%3A/Users/anshu/AppData/Local/nvim-data/mason/packages/lua-language-server/meta/LuaJIT%20en-us%20utf8/os.lua
[02:10:12.420][info] [#0:script\workspace\workspace.lua:353]: Scan library at:	file:///c%3A/Users/anshu/AppData/Local/nvim-data/mason/packages/lua-language-server/meta/LuaJIT%20en-us%20utf8/string/buffer.lua
[02:10:12.421][info] [#0:script\workspace\workspace.lua:353]: Scan library at:	file:///c%3A/Users/anshu/AppData/Local/nvim-data/mason/packages/lua-language-server/meta/LuaJIT%20en-us%20utf8/package.lua
[02:10:12.421][info] [#0:script\workspace\workspace.lua:353]: Scan library at:	file:///c%3A/Users/anshu/AppData/Local/nvim-data/mason/packages/lua-language-server/meta/LuaJIT%20en-us%20utf8/builtin.lua
[02:10:12.421][info] [#0:script\workspace\workspace.lua:353]: Scan library at:	file:///c%3A/Users/anshu/AppData/Local/nvim-data/mason/packages/lua-language-server/meta/LuaJIT%20en-us%20utf8/jit/util.lua
[02:10:12.421][info] [#0:script\workspace\workspace.lua:353]: Scan library at:	file:///c%3A/Program%20Files/Neovim/share/nvim/runtime
[02:10:12.713][info] [#0:script\workspace\workspace.lua:353]: Scan library at:	file:///c%3A/Users/anshu/AppData/Local/nvim-data/mason/packages/lua-language-server/meta/3rd/luv/library
[02:10:12.718][info] [#0:script\workspace\workspace.lua:353]: Scan library at:	file:///c%3A/Users/anshu/AppData/Local/nvim-data/mason/packages/lua-language-server/meta/LuaJIT%20en-us%20utf8/jit.lua
[02:10:12.718][info] [#0:script\workspace\workspace.lua:353]: Scan library at:	file:///c%3A/Users/anshu/AppData/Local/nvim-data/mason/packages/lua-language-server/meta/LuaJIT%20en-us%20utf8/ffi.lua
[02:10:12.719][info] [#0:script\workspace\workspace.lua:353]: Scan library at:	file:///c%3A/Users/anshu/AppData/Local/nvim-data/mason/packages/lua-language-server/meta/LuaJIT%20en-us%20utf8/io.lua
[02:10:12.719][info] [#0:script\workspace\workspace.lua:353]: Scan library at:	file:///c%3A/Users/anshu/AppData/Local/nvim-data/mason/packages/lua-language-server/meta/LuaJIT%20en-us%20utf8/bit.lua
[02:10:12.719][info] [#0:script\workspace\workspace.lua:353]: Scan library at:	file:///c%3A/Users/anshu/AppData/Local/nvim-data/mason/packages/lua-language-server/meta/LuaJIT%20en-us%20utf8/table.lua
[02:10:12.719][info] [#0:script\workspace\workspace.lua:353]: Scan library at:	file:///c%3A/Users/anshu/AppData/Local/nvim-data/mason/packages/lua-language-server/meta/LuaJIT%20en-us%20utf8/basic.lua
[02:10:12.720][info] [#0:script\workspace\workspace.lua:353]: Scan library at:	file:///c%3A/Users/anshu/AppData/Local/nvim-data/mason/packages/lua-language-server/meta/LuaJIT%20en-us%20utf8/coroutine.lua
[02:10:12.720][info] [#0:script\workspace\workspace.lua:353]: Scan library at:	file:///c%3A/Users/anshu/AppData/Local/nvim-data/mason/packages/lua-language-server/meta/LuaJIT%20en-us%20utf8/table/clear.lua
[02:10:12.720][info] [#0:script\workspace\workspace.lua:353]: Scan library at:	file:///c%3A/Users/anshu/AppData/Local/nvim-data/mason/packages/lua-language-server/meta/LuaJIT%20en-us%20utf8/string.lua
[02:10:12.720][info] [#0:script\workspace\workspace.lua:353]: Scan library at:	file:///c%3A/Users/anshu/AppData/Local/nvim-data/lazy/nvim-treesitter/lua
[02:10:12.723][info] [#0:script\workspace\workspace.lua:353]: Scan library at:	file:///c%3A/Users/anshu/AppData/Local/nvim-data/mason/packages/lua-language-server/meta/LuaJIT%20en-us%20utf8/math.lua
[02:10:12.723][info] [#0:script\workspace\workspace.lua:353]: Scan library at:	file:///c%3A/Users/anshu/AppData/Local/nvim-data/mason/packages/lua-language-server/meta/LuaJIT%20en-us%20utf8/table/new.lua
[02:10:12.723][info] [#0:script\workspace\workspace.lua:353]: Scan library at:	file:///c%3A/Users/anshu/AppData/Local/nvim-data/mason/packages/lua-language-server/meta/LuaJIT%20en-us%20utf8/debug.lua
[02:10:12.828][info] [#0:script\workspace\workspace.lua:379]: Found 141 files at:	file:///c%3A/Users/anshu/AppData/Local/nvim-data/lazy/nvim-treesitter
[02:10:12.828][info] [#0:script\workspace\loading.lua:161]: Load files from disk:	file:///c%3A/Users/anshu/AppData/Local/nvim-data/lazy/nvim-treesitter
[02:10:12.828][info] [#0:script\workspace\loading.lua:101]: Preload file at: file:///c%3A/Users/anshu/AppData/Local/nvim-data/mason/packages/lua-language-server/meta/LuaJIT%20en-us%20utf8/table/new.lua , size = 0.642 KB
[02:10:12.829][info] [#0:script\workspace\loading.lua:113]: ++++As library of:	file:///c%3A/Users/anshu/AppData/Local/nvim-data/mason/packages/lua-language-server/meta/LuaJIT%20en-us%20utf8/table/new.lua
[02:10:12.829][info] [#0:script\workspace\loading.lua:101]: Preload file at: file:///c%3A/Users/anshu/AppData/Local/nvim-data/mason/packages/lua-language-server/meta/LuaJIT%20en-us%20utf8/debug.lua , size = 7.310 KB
[02:10:12.834][info] [#0:script\workspace\loading.lua:113]: ++++As library of:	file:///c%3A/Users/anshu/AppData/Local/nvim-data/mason/packages/lua-language-server/meta/LuaJIT%20en-us%20utf8/debug.lua
[02:10:12.835][info] [#0:script\workspace\loading.lua:101]: Preload file at: file:///c%3A/Users/anshu/AppData/Local/nvim-data/mason/packages/lua-language-server/meta/LuaJIT%20en-us%20utf8/math.lua , size = 7.949 KB
[02:10:12.839][info] [#0:script\workspace\loading.lua:113]: ++++As library of:	file:///c%3A/Users/anshu/AppData/Local/nvim-data/mason/packages/lua-language-server/meta/LuaJIT%20en-us%20utf8/math.lua
[02:10:12.839][info] [#0:script\workspace\loading.lua:101]: Preload file at: file:///c%3A/Users/anshu/AppData/Local/nvim-data/lazy/nvim-treesitter/lua/nvim-treesitter/caching.lua , size = 1.653 KB
[02:10:12.841][info] [#0:script\workspace\loading.lua:113]: ++++As library of:	file:///c%3A/Users/anshu/AppData/Local/nvim-data/lazy/nvim-treesitter/lua
[02:10:12.841][info] [#0:script\workspace\loading.lua:101]: Preload file at: file:///c%3A/Users/anshu/AppData/Local/nvim-data/lazy/nvim-treesitter/lua/nvim-treesitter/compat.lua , size = 0.932 KB
[02:10:12.843][info] [#0:script\workspace\loading.lua:113]: ++++As library of:	file:///c%3A/Users/anshu/AppData/Local/nvim-data/lazy/nvim-treesitter/lua
[02:10:12.843][info] [#0:script\workspace\loading.lua:101]: Preload file at: file:///c%3A/Users/anshu/AppData/Local/nvim-data/lazy/nvim-treesitter/lua/nvim-treesitter/fold.lua , size = 3.760 KB
[02:10:12.845][info] [#0:script\workspace\loading.lua:113]: ++++As library of:	file:///c%3A/Users/anshu/AppData/Local/nvim-data/lazy/nvim-treesitter/lua
[02:10:12.845][info] [#0:script\workspace\loading.lua:101]: Preload file at: file:///c%3A/Users/anshu/AppData/Local/nvim-data/lazy/nvim-treesitter/lua/nvim-treesitter/configs.lua , size = 17.758 KB
[02:10:12.855][info] [#0:script\workspace\loading.lua:113]: ++++As library of:	file:///c%3A/Users/anshu/AppData/Local/nvim-data/lazy/nvim-treesitter/lua
[02:10:12.855][info] [#0:script\workspace\loading.lua:101]: Preload file at: file:///c%3A/Users/anshu/AppData/Local/nvim-data/lazy/nvim-treesitter/lua/nvim-treesitter/health.lua , size = 5.878 KB
[02:10:12.869][info] [#0:script\workspace\loading.lua:113]: ++++As library of:	file:///c%3A/Users/anshu/AppData/Local/nvim-data/lazy/nvim-treesitter/lua
[02:10:12.869][info] [#0:script\workspace\loading.lua:101]: Preload file at: file:///c%3A/Users/anshu/AppData/Local/nvim-data/lazy/nvim-treesitter/lua/nvim-treesitter/highlight.lua , size = 1.210 KB
[02:10:12.870][info] [#0:script\workspace\loading.lua:113]: ++++As library of:	file:///c%3A/Users/anshu/AppData/Local/nvim-data/lazy/nvim-treesitter/lua
[02:10:12.871][info] [#0:script\workspace\loading.lua:101]: Preload file at: file:///c%3A/Users/anshu/AppData/Local/nvim-data/lazy/nvim-treesitter/lua/nvim-treesitter/incremental_selection.lua , size = 5.261 KB
[02:10:12.874][info] [#0:script\workspace\loading.lua:113]: ++++As library of:	file:///c%3A/Users/anshu/AppData/Local/nvim-data/lazy/nvim-treesitter/lua
[02:10:12.875][info] [#0:script\workspace\loading.lua:101]: Preload file at: file:///c%3A/Users/anshu/AppData/Local/nvim-data/lazy/nvim-treesitter/lua/nvim-treesitter/indent.lua , size = 11.883 KB
[02:10:12.881][info] [#0:script\workspace\loading.lua:113]: ++++As library of:	file:///c%3A/Users/anshu/AppData/Local/nvim-data/lazy/nvim-treesitter/lua
[02:10:12.881][info] [#0:script\workspace\loading.lua:101]: Preload file at: file:///c%3A/Users/anshu/AppData/Local/nvim-data/lazy/nvim-treesitter/lua/nvim-treesitter/info.lua , size = 5.092 KB
[02:10:12.884][info] [#0:script\workspace\loading.lua:113]: ++++As library of:	file:///c%3A/Users/anshu/AppData/Local/nvim-data/lazy/nvim-treesitter/lua
[02:10:12.884][info] [#0:script\workspace\loading.lua:101]: Preload file at: file:///c%3A/Users/anshu/AppData/Local/nvim-data/lazy/nvim-treesitter/lua/nvim-treesitter/locals.lua , size = 9.749 KB
[02:10:12.889][info] [#0:script\workspace\loading.lua:113]: ++++As library of:	file:///c%3A/Users/anshu/AppData/Local/nvim-data/lazy/nvim-treesitter/lua
[02:10:12.889][info] [#0:script\workspace\loading.lua:101]: Preload file at: file:///c%3A/Users/anshu/AppData/Local/nvim-data/lazy/nvim-treesitter/lua/nvim-treesitter/install.lua , size = 22.624 KB
[02:10:12.901][info] [#0:script\workspace\loading.lua:113]: ++++As library of:	file:///c%3A/Users/anshu/AppData/Local/nvim-data/lazy/nvim-treesitter/lua
[02:10:12.901][info] [#0:script\workspace\loading.lua:101]: Preload file at: file:///c%3A/Users/anshu/AppData/Local/nvim-data/lazy/nvim-treesitter/lua/nvim-treesitter/query.lua , size = 12.730 KB
[02:10:12.908][info] [#0:script\workspace\loading.lua:113]: ++++As library of:	file:///c%3A/Users/anshu/AppData/Local/nvim-data/lazy/nvim-treesitter/lua
[02:10:12.908][info] [#0:script\workspace\loading.lua:101]: Preload file at: file:///c%3A/Users/anshu/AppData/Local/nvim-data/lazy/nvim-treesitter/lua/nvim-treesitter/query_predicates.lua , size = 6.120 KB
[02:10:12.912][info] [#0:script\workspace\loading.lua:113]: ++++As library of:	file:///c%3A/Users/anshu/AppData/Local/nvim-data/lazy/nvim-treesitter/lua
[02:10:12.912][info] [#0:script\workspace\loading.lua:101]: Preload file at: file:///c%3A/Users/anshu/AppData/Local/nvim-data/lazy/nvim-treesitter/lua/nvim-treesitter/parsers.lua , size = 56.599 KB
[02:10:12.949][info] [#0:script\workspace\loading.lua:113]: ++++As library of:	file:///c%3A/Users/anshu/AppData/Local/nvim-data/lazy/nvim-treesitter/lua
[02:10:12.949][info] [#0:script\workspace\loading.lua:101]: Preload file at: file:///c%3A/Users/anshu/AppData/Local/nvim-data/lazy/nvim-treesitter/lua/nvim-treesitter/statusline.lua , size = 1.386 KB
[02:10:12.950][info] [#0:script\workspace\loading.lua:113]: ++++As library of:	file:///c%3A/Users/anshu/AppData/Local/nvim-data/lazy/nvim-treesitter/lua
[02:10:12.950][info] [#0:script\workspace\loading.lua:101]: Preload file at: file:///c%3A/Users/anshu/AppData/Local/nvim-data/lazy/nvim-treesitter/lua/nvim-treesitter/tsrange.lua , size = 3.576 KB
[02:10:12.953][info] [#0:script\workspace\loading.lua:113]: ++++As library of:	file:///c%3A/Users/anshu/AppData/Local/nvim-data/lazy/nvim-treesitter/lua
[02:10:12.953][info] [#0:script\workspace\loading.lua:101]: Preload file at: file:///c%3A/Users/anshu/AppData/Local/nvim-data/lazy/nvim-treesitter/lua/nvim-treesitter/shell_command_selectors.lua , size = 8.307 KB
[02:10:12.959][info] [#0:script\workspace\loading.lua:113]: ++++As library of:	file:///c%3A/Users/anshu/AppData/Local/nvim-data/lazy/nvim-treesitter/lua
[02:10:12.959][info] [#0:script\workspace\loading.lua:101]: Preload file at: file:///c%3A/Users/anshu/AppData/Local/nvim-data/lazy/nvim-treesitter/lua/nvim-treesitter/ts_utils.lua , size = 14.268 KB
[02:10:12.966][info] [#0:script\workspace\loading.lua:113]: ++++As library of:	file:///c%3A/Users/anshu/AppData/Local/nvim-data/lazy/nvim-treesitter/lua
[02:10:12.966][info] [#0:script\workspace\loading.lua:101]: Preload file at: file:///c%3A/Users/anshu/AppData/Local/nvim-data/lazy/nvim-treesitter/lua/nvim-treesitter/utils.lua , size = 6.387 KB
[02:10:12.970][info] [#0:script\workspace\loading.lua:113]: ++++As library of:	file:///c%3A/Users/anshu/AppData/Local/nvim-data/lazy/nvim-treesitter/lua
[02:10:12.970][info] [#0:script\workspace\loading.lua:101]: Preload file at: file:///c%3A/Users/anshu/AppData/Local/nvim-data/lazy/nvim-treesitter/lua/nvim-treesitter.lua , size = 0.604 KB
[02:10:12.971][info] [#0:script\workspace\loading.lua:113]: ++++As library of:	file:///c%3A/Users/anshu/AppData/Local/nvim-data/lazy/nvim-treesitter/lua
[02:10:12.971][info] [#0:script\workspace\loading.lua:101]: Preload file at: file:///c%3A/Users/anshu/AppData/Local/nvim-data/mason/packages/lua-language-server/meta/LuaJIT%20en-us%20utf8/string.lua , size = 6.323 KB
[02:10:12.974][info] [#0:script\workspace\loading.lua:113]: ++++As library of:	file:///c%3A/Users/anshu/AppData/Local/nvim-data/mason/packages/lua-language-server/meta/LuaJIT%20en-us%20utf8/string.lua
[02:10:12.974][info] [#0:script\workspace\loading.lua:101]: Preload file at: file:///c%3A/Users/anshu/AppData/Local/nvim-data/mason/packages/lua-language-server/meta/LuaJIT%20en-us%20utf8/table/clear.lua , size = 0.797 KB
[02:10:12.974][info] [#0:script\workspace\loading.lua:113]: ++++As library of:	file:///c%3A/Users/anshu/AppData/Local/nvim-data/mason/packages/lua-language-server/meta/LuaJIT%20en-us%20utf8/table/clear.lua
[02:10:12.974][info] [#0:script\workspace\loading.lua:101]: Preload file at: file:///c%3A/Users/anshu/AppData/Local/nvim-data/mason/packages/lua-language-server/meta/LuaJIT%20en-us%20utf8/coroutine.lua , size = 2.541 KB
[02:10:12.975][info] [#0:script\workspace\loading.lua:113]: ++++As library of:	file:///c%3A/Users/anshu/AppData/Local/nvim-data/mason/packages/lua-language-server/meta/LuaJIT%20en-us%20utf8/coroutine.lua
[02:10:12.975][info] [#0:script\workspace\loading.lua:101]: Preload file at: file:///c%3A/Users/anshu/AppData/Local/nvim-data/mason/packages/lua-language-server/meta/LuaJIT%20en-us%20utf8/table.lua , size = 4.235 KB
[02:10:12.978][info] [#0:script\workspace\loading.lua:113]: ++++As library of:	file:///c%3A/Users/anshu/AppData/Local/nvim-data/mason/packages/lua-language-server/meta/LuaJIT%20en-us%20utf8/table.lua
[02:10:12.978][info] [#0:script\workspace\loading.lua:101]: Preload file at: file:///c%3A/Users/anshu/AppData/Local/nvim-data/mason/packages/lua-language-server/meta/LuaJIT%20en-us%20utf8/bit.lua , size = 1.319 KB
[02:10:12.979][info] [#0:script\workspace\loading.lua:113]: ++++As library of:	file:///c%3A/Users/anshu/AppData/Local/nvim-data/mason/packages/lua-language-server/meta/LuaJIT%20en-us%20utf8/bit.lua
[02:10:12.979][info] [#0:script\workspace\loading.lua:101]: Preload file at: file:///c%3A/Users/anshu/AppData/Local/nvim-data/mason/packages/lua-language-server/meta/LuaJIT%20en-us%20utf8/io.lua , size = 6.364 KB
[02:10:12.982][info] [#0:script\workspace\loading.lua:113]: ++++As library of:	file:///c%3A/Users/anshu/AppData/Local/nvim-data/mason/packages/lua-language-server/meta/LuaJIT%20en-us%20utf8/io.lua
[02:10:12.982][info] [#0:script\workspace\loading.lua:101]: Preload file at: file:///c%3A/Users/anshu/AppData/Local/nvim-data/mason/packages/lua-language-server/meta/LuaJIT%20en-us%20utf8/basic.lua , size = 15.231 KB
[02:10:13.003][info] [#0:script\workspace\loading.lua:113]: ++++As library of:	file:///c%3A/Users/anshu/AppData/Local/nvim-data/mason/packages/lua-language-server/meta/LuaJIT%20en-us%20utf8/basic.lua
[02:10:13.003][info] [#0:script\workspace\loading.lua:101]: Preload file at: file:///c%3A/Users/anshu/AppData/Local/nvim-data/mason/packages/lua-language-server/meta/LuaJIT%20en-us%20utf8/ffi.lua , size = 2.529 KB
[02:10:13.005][info] [#0:script\workspace\loading.lua:113]: ++++As library of:	file:///c%3A/Users/anshu/AppData/Local/nvim-data/mason/packages/lua-language-server/meta/LuaJIT%20en-us%20utf8/ffi.lua
[02:10:13.005][info] [#0:script\workspace\loading.lua:101]: Preload file at: file:///c%3A/Users/anshu/AppData/Local/nvim-data/mason/packages/lua-language-server/meta/LuaJIT%20en-us%20utf8/jit.lua , size = 0.884 KB
[02:10:13.006][info] [#0:script\workspace\loading.lua:113]: ++++As library of:	file:///c%3A/Users/anshu/AppData/Local/nvim-data/mason/packages/lua-language-server/meta/LuaJIT%20en-us%20utf8/jit.lua
[02:10:13.006][info] [#0:script\workspace\loading.lua:101]: Preload file at: file:///c%3A/Users/anshu/AppData/Local/nvim-data/mason/packages/lua-language-server/meta/3rd/luv/library/luv_dir_t.lua , size = 1.088 KB
[02:10:13.007][info] [#0:script\workspace\loading.lua:113]: ++++As library of:	file:///c%3A/Users/anshu/AppData/Local/nvim-data/mason/packages/lua-language-server/meta/3rd/luv/library
[02:10:13.007][info] [#0:script\workspace\loading.lua:101]: Preload file at: file:///c%3A/Users/anshu/AppData/Local/nvim-data/mason/packages/lua-language-server/meta/3rd/luv/library/luv_thread_t.lua , size = 0.519 KB
[02:10:13.008][info] [#0:script\workspace\loading.lua:113]: ++++As library of:	file:///c%3A/Users/anshu/AppData/Local/nvim-data/mason/packages/lua-language-server/meta/3rd/luv/library
[02:10:13.008][info] [#0:script\workspace\loading.lua:101]: Preload file at: file:///c%3A/Users/anshu/AppData/Local/nvim-data/mason/packages/lua-language-server/meta/3rd/luv/library/errors.lua , size = 15.420 KB
[02:10:13.013][info] [#0:script\workspace\loading.lua:113]: ++++As library of:	file:///c%3A/Users/anshu/AppData/Local/nvim-data/mason/packages/lua-language-server/meta/3rd/luv/library
[02:10:13.013][info] [#0:script\workspace\loading.lua:101]: Preload file at: file:///c%3A/Users/anshu/AppData/Local/nvim-data/mason/packages/lua-language-server/meta/3rd/luv/library/luv_work_ctx_t.lua , size = 0.546 KB
[02:10:13.013][info] [#0:script\workspace\loading.lua:113]: ++++As library of:	file:///c%3A/Users/anshu/AppData/Local/nvim-data/mason/packages/lua-language-server/meta/3rd/luv/library
[02:10:13.013][info] [#0:script\workspace\loading.lua:101]: Preload file at: file:///c%3A/Users/anshu/AppData/Local/nvim-data/mason/packages/lua-language-server/meta/3rd/luv/library/types.lua , size = 17.645 KB
[02:10:13.021][info] [#0:script\workspace\loading.lua:113]: ++++As library of:	file:///c%3A/Users/anshu/AppData/Local/nvim-data/mason/packages/lua-language-server/meta/3rd/luv/library
[02:10:13.021][info] [#0:script\workspace\loading.lua:101]: Preload file at: file:///c%3A/Users/anshu/AppData/Local/nvim-data/mason/packages/lua-language-server/meta/3rd/luv/library/uv_async_t.lua , size = 1.091 KB
[02:10:13.022][info] [#0:script\workspace\loading.lua:113]: ++++As library of:	file:///c%3A/Users/anshu/AppData/Local/nvim-data/mason/packages/lua-language-server/meta/3rd/luv/library
[02:10:13.022][info] [#0:script\workspace\loading.lua:101]: Preload file at: file:///c%3A/Users/anshu/AppData/Local/nvim-data/mason/packages/lua-language-server/meta/3rd/luv/library/uv_check_t.lua , size = 0.722 KB
[02:10:13.022][info] [#0:script\workspace\loading.lua:113]: ++++As library of:	file:///c%3A/Users/anshu/AppData/Local/nvim-data/mason/packages/lua-language-server/meta/3rd/luv/library
[02:10:13.023][info] [#0:script\workspace\loading.lua:101]: Preload file at: file:///c%3A/Users/anshu/AppData/Local/nvim-data/mason/packages/lua-language-server/meta/3rd/luv/library/uv.lua , size = 101.130 KB
[02:10:13.060][info] [#0:script\workspace\loading.lua:113]: ++++As library of:	file:///c%3A/Users/anshu/AppData/Local/nvim-data/mason/packages/lua-language-server/meta/3rd/luv/library
[02:10:13.060][info] [#0:script\workspace\loading.lua:101]: Preload file at: file:///c%3A/Users/anshu/AppData/Local/nvim-data/mason/packages/lua-language-server/meta/3rd/luv/library/uv_fs_event_t.lua , size = 1.064 KB
[02:10:13.061][info] [#0:script\workspace\loading.lua:113]: ++++As library of:	file:///c%3A/Users/anshu/AppData/Local/nvim-data/mason/packages/lua-language-server/meta/3rd/luv/library
[02:10:13.061][info] [#0:script\workspace\loading.lua:101]: Preload file at: file:///c%3A/Users/anshu/AppData/Local/nvim-data/mason/packages/lua-language-server/meta/3rd/luv/library/uv_fs_poll_t.lua , size = 1.173 KB
[02:10:13.062][info] [#0:script\workspace\loading.lua:113]: ++++As library of:	file:///c%3A/Users/anshu/AppData/Local/nvim-data/mason/packages/lua-language-server/meta/3rd/luv/library
[02:10:13.062][info] [#0:script\workspace\loading.lua:101]: Preload file at: file:///c%3A/Users/anshu/AppData/Local/nvim-data/mason/packages/lua-language-server/meta/3rd/luv/library/uv_handle_t.lua , size = 5.257 KB
[02:10:13.064][info] [#0:script\workspace\loading.lua:113]: ++++As library of:	file:///c%3A/Users/anshu/AppData/Local/nvim-data/mason/packages/lua-language-server/meta/3rd/luv/library
[02:10:13.064][info] [#0:script\workspace\loading.lua:101]: Preload file at: file:///c%3A/Users/anshu/AppData/Local/nvim-data/mason/packages/lua-language-server/meta/3rd/luv/library/uv_idle_t.lua , size = 1.110 KB
[02:10:13.064][info] [#0:script\workspace\loading.lua:113]: ++++As library of:	file:///c%3A/Users/anshu/AppData/Local/nvim-data/mason/packages/lua-language-server/meta/3rd/luv/library
[02:10:13.065][info] [#0:script\workspace\loading.lua:101]: Preload file at: file:///c%3A/Users/anshu/AppData/Local/nvim-data/mason/packages/lua-language-server/meta/3rd/luv/library/uv_pipe_t.lua , size = 3.088 KB
[02:10:13.066][info] [#0:script\workspace\loading.lua:113]: ++++As library of:	file:///c%3A/Users/anshu/AppData/Local/nvim-data/mason/packages/lua-language-server/meta/3rd/luv/library
[02:10:13.066][info] [#0:script\workspace\loading.lua:101]: Preload file at: file:///c%3A/Users/anshu/AppData/Local/nvim-data/mason/packages/lua-language-server/meta/3rd/luv/library/uv_poll_t.lua , size = 2.700 KB
[02:10:13.067][info] [#0:script\workspace\loading.lua:113]: ++++As library of:	file:///c%3A/Users/anshu/AppData/Local/nvim-data/mason/packages/lua-language-server/meta/3rd/luv/library
[02:10:13.067][info] [#0:script\workspace\loading.lua:101]: Preload file at: file:///c%3A/Users/anshu/AppData/Local/nvim-data/mason/packages/lua-language-server/meta/3rd/luv/library/uv_process_t.lua , size = 0.638 KB
[02:10:13.068][info] [#0:script\workspace\loading.lua:113]: ++++As library of:	file:///c%3A/Users/anshu/AppData/Local/nvim-data/mason/packages/lua-language-server/meta/3rd/luv/library
[02:10:13.068][info] [#0:script\workspace\loading.lua:101]: Preload file at: file:///c%3A/Users/anshu/AppData/Local/nvim-data/mason/packages/lua-language-server/meta/3rd/luv/library/uv_prepare_t.lua , size = 0.744 KB
[02:10:13.068][info] [#0:script\workspace\loading.lua:113]: ++++As library of:	file:///c%3A/Users/anshu/AppData/Local/nvim-data/mason/packages/lua-language-server/meta/3rd/luv/library
[02:10:13.068][info] [#0:script\workspace\loading.lua:101]: Preload file at: file:///c%3A/Users/anshu/AppData/Local/nvim-data/mason/packages/lua-language-server/meta/3rd/luv/library/uv_req_t.lua , size = 0.729 KB
[02:10:13.069][info] [#0:script\workspace\loading.lua:113]: ++++As library of:	file:///c%3A/Users/anshu/AppData/Local/nvim-data/mason/packages/lua-language-server/meta/3rd/luv/library
[02:10:13.069][info] [#0:script\workspace\loading.lua:101]: Preload file at: file:///c%3A/Users/anshu/AppData/Local/nvim-data/mason/packages/lua-language-server/meta/3rd/luv/library/uv_signal_t.lua , size = 3.063 KB
[02:10:13.070][info] [#0:script\workspace\loading.lua:113]: ++++As library of:	file:///c%3A/Users/anshu/AppData/Local/nvim-data/mason/packages/lua-language-server/meta/3rd/luv/library
[02:10:13.070][info] [#0:script\workspace\loading.lua:101]: Preload file at: file:///c%3A/Users/anshu/AppData/Local/nvim-data/mason/packages/lua-language-server/meta/3rd/luv/library/uv_stream_t.lua , size = 6.074 KB
[02:10:13.094][info] [#0:script\workspace\loading.lua:113]: ++++As library of:	file:///c%3A/Users/anshu/AppData/Local/nvim-data/mason/packages/lua-language-server/meta/3rd/luv/library
[02:10:13.094][info] [#0:script\workspace\loading.lua:101]: Preload file at: file:///c%3A/Users/anshu/AppData/Local/nvim-data/mason/packages/lua-language-server/meta/3rd/luv/library/uv_tcp_t.lua , size = 4.031 KB
[02:10:13.096][info] [#0:script\workspace\loading.lua:113]: ++++As library of:	file:///c%3A/Users/anshu/AppData/Local/nvim-data/mason/packages/lua-language-server/meta/3rd/luv/library
[02:10:13.096][info] [#0:script\workspace\loading.lua:101]: Preload file at: file:///c%3A/Users/anshu/AppData/Local/nvim-data/mason/packages/lua-language-server/meta/3rd/luv/library/uv_timer_t.lua , size = 2.052 KB
[02:10:13.097][info] [#0:script\workspace\loading.lua:113]: ++++As library of:	file:///c%3A/Users/anshu/AppData/Local/nvim-data/mason/packages/lua-language-server/meta/3rd/luv/library
[02:10:13.097][info] [#0:script\workspace\loading.lua:101]: Preload file at: file:///c%3A/Users/anshu/AppData/Local/nvim-data/mason/packages/lua-language-server/meta/3rd/luv/library/uv_tty_t.lua , size = 1.177 KB
[02:10:13.098][info] [#0:script\workspace\loading.lua:113]: ++++As library of:	file:///c%3A/Users/anshu/AppData/Local/nvim-data/mason/packages/lua-language-server/meta/3rd/luv/library
[02:10:13.098][info] [#0:script\workspace\loading.lua:101]: Preload file at: file:///c%3A/Program%20Files/Neovim/share/nvim/runtime/autoload/ccomplete.lua , size = 27.245 KB
[02:10:13.111][info] [#0:script\workspace\loading.lua:113]: ++++As library of:	file:///c%3A/Program%20Files/Neovim/share/nvim/runtime
[02:10:13.112][info] [#0:script\workspace\loading.lua:101]: Preload file at: file:///c%3A/Program%20Files/Neovim/share/nvim/runtime/colors/vim.lua , size = 17.269 KB
[02:10:13.118][info] [#0:script\workspace\loading.lua:113]: ++++As library of:	file:///c%3A/Program%20Files/Neovim/share/nvim/runtime
[02:10:13.118][info] [#0:script\workspace\loading.lua:101]: Preload file at: file:///c%3A/Users/anshu/AppData/Local/nvim-data/mason/packages/lua-language-server/meta/3rd/luv/library/uv_udp_t.lua , size = 6.140 KB
[02:10:13.121][info] [#0:script\workspace\loading.lua:113]: ++++As library of:	file:///c%3A/Users/anshu/AppData/Local/nvim-data/mason/packages/lua-language-server/meta/3rd/luv/library
[02:10:13.121][info] [#0:script\workspace\loading.lua:101]: Preload file at: file:///c%3A/Program%20Files/Neovim/share/nvim/runtime/filetype.lua , size = 1.966 KB
[02:10:13.122][info] [#0:script\workspace\loading.lua:113]: ++++As library of:	file:///c%3A/Program%20Files/Neovim/share/nvim/runtime
[02:10:13.122][info] [#0:script\workspace\loading.lua:101]: Preload file at: file:///c%3A/Program%20Files/Neovim/share/nvim/runtime/ftplugin/c.lua , size = 0.405 KB
[02:10:13.123][info] [#0:script\workspace\loading.lua:113]: ++++As library of:	file:///c%3A/Program%20Files/Neovim/share/nvim/runtime
[02:10:13.123][info] [#0:script\workspace\loading.lua:101]: Preload file at: file:///c%3A/Program%20Files/Neovim/share/nvim/runtime/ftplugin/calender.lua , size = 0.032 KB
[02:10:13.123][info] [#0:script\workspace\loading.lua:113]: ++++As library of:	file:///c%3A/Program%20Files/Neovim/share/nvim/runtime
[02:10:13.123][info] [#0:script\workspace\loading.lua:101]: Preload file at: file:///c%3A/Program%20Files/Neovim/share/nvim/runtime/ftplugin/cs.lua , size = 0.032 KB
[02:10:13.123][info] [#0:script\workspace\loading.lua:113]: ++++As library of:	file:///c%3A/Program%20Files/Neovim/share/nvim/runtime
[02:10:13.123][info] [#0:script\workspace\loading.lua:101]: Preload file at: file:///c%3A/Program%20Files/Neovim/share/nvim/runtime/ftplugin/css.lua , size = 0.032 KB
[02:10:13.123][info] [#0:script\workspace\loading.lua:113]: ++++As library of:	file:///c%3A/Program%20Files/Neovim/share/nvim/runtime
[02:10:13.123][info] [#0:script\workspace\loading.lua:101]: Preload file at: file:///c%3A/Program%20Files/Neovim/share/nvim/runtime/ftplugin/d.lua , size = 0.032 KB
[02:10:13.124][info] [#0:script\workspace\loading.lua:113]: ++++As library of:	file:///c%3A/Program%20Files/Neovim/share/nvim/runtime
[02:10:13.124][info] [#0:script\workspace\loading.lua:101]: Preload file at: file:///c%3A/Program%20Files/Neovim/share/nvim/runtime/ftplugin/help.lua , size = 1.158 KB
[02:10:13.124][info] [#0:script\workspace\loading.lua:113]: ++++As library of:	file:///c%3A/Program%20Files/Neovim/share/nvim/runtime
[02:10:13.124][info] [#0:script\workspace\loading.lua:101]: Preload file at: file:///c%3A/Program%20Files/Neovim/share/nvim/runtime/ftplugin/lua.lua , size = 0.054 KB
[02:10:13.125][info] [#0:script\workspace\loading.lua:113]: ++++As library of:	file:///c%3A/Program%20Files/Neovim/share/nvim/runtime
[02:10:13.125][info] [#0:script\workspace\loading.lua:101]: Preload file at: file:///c%3A/Program%20Files/Neovim/share/nvim/runtime/ftplugin/indent.lua , size = 0.032 KB
[02:10:13.125][info] [#0:script\workspace\loading.lua:113]: ++++As library of:	file:///c%3A/Program%20Files/Neovim/share/nvim/runtime
[02:10:13.125][info] [#0:script\workspace\loading.lua:101]: Preload file at: file:///c%3A/Program%20Files/Neovim/share/nvim/runtime/ftplugin/query.lua , size = 0.889 KB
[02:10:13.125][info] [#0:script\workspace\loading.lua:113]: ++++As library of:	file:///c%3A/Program%20Files/Neovim/share/nvim/runtime
[02:10:13.125][info] [#0:script\workspace\loading.lua:101]: Preload file at: file:///c%3A/Program%20Files/Neovim/share/nvim/runtime/ftplugin/xdefaults.lua , size = 0.032 KB
[02:10:13.126][info] [#0:script\workspace\loading.lua:113]: ++++As library of:	file:///c%3A/Program%20Files/Neovim/share/nvim/runtime
[02:10:13.126][info] [#0:script\workspace\loading.lua:101]: Preload file at: file:///c%3A/Program%20Files/Neovim/share/nvim/runtime/indent/query.lua , size = 0.140 KB
[02:10:13.126][info] [#0:script\workspace\loading.lua:113]: ++++As library of:	file:///c%3A/Program%20Files/Neovim/share/nvim/runtime
[02:10:13.126][info] [#0:script\workspace\loading.lua:101]: Preload file at: file:///c%3A/Program%20Files/Neovim/share/nvim/runtime/pack/dist/opt/cfilter/plugin/cfilter.lua , size = 3.377 KB
[02:10:13.127][info] [#0:script\workspace\loading.lua:113]: ++++As library of:	file:///c%3A/Program%20Files/Neovim/share/nvim/runtime
[02:10:13.128][info] [#0:script\workspace\loading.lua:89]: Skip loaded file: file:///c%3A/Users/anshu/AppData/Local/nvim-data/lazy/nvim-treesitter/plugin/nvim-treesitter.lua
[02:10:13.128][info] [#0:script\workspace\loading.lua:101]: Preload file at: file:///c%3A/Program%20Files/Neovim/share/nvim/runtime/plugin/editorconfig.lua , size = 0.409 KB
[02:10:13.128][info] [#0:script\workspace\loading.lua:113]: ++++As library of:	file:///c%3A/Program%20Files/Neovim/share/nvim/runtime
[02:10:13.128][info] [#0:script\workspace\loading.lua:101]: Preload file at: file:///c%3A/Program%20Files/Neovim/share/nvim/runtime/plugin/man.lua , size = 0.840 KB
[02:10:13.129][info] [#0:script\workspace\loading.lua:113]: ++++As library of:	file:///c%3A/Program%20Files/Neovim/share/nvim/runtime
[02:10:13.129][info] [#0:script\workspace\loading.lua:101]: Preload file at: file:///c%3A/Program%20Files/Neovim/share/nvim/runtime/plugin/osc52.lua , size = 1.011 KB
[02:10:13.130][info] [#0:script\workspace\loading.lua:113]: ++++As library of:	file:///c%3A/Program%20Files/Neovim/share/nvim/runtime
[02:10:13.130][info] [#0:script\workspace\loading.lua:101]: Preload file at: file:///c%3A/Program%20Files/Neovim/share/nvim/runtime/plugin/tohtml.lua , size = 0.391 KB
[02:10:13.131][info] [#0:script\workspace\loading.lua:113]: ++++As library of:	file:///c%3A/Program%20Files/Neovim/share/nvim/runtime
[02:10:13.131][info] [#0:script\workspace\loading.lua:101]: Preload file at: file:///c%3A/Users/anshu/AppData/Local/nvim-data/mason/packages/lua-language-server/meta/LuaJIT%20en-us%20utf8/jit/util.lua , size = 1.984 KB
[02:10:13.132][info] [#0:script\workspace\loading.lua:113]: ++++As library of:	file:///c%3A/Users/anshu/AppData/Local/nvim-data/mason/packages/lua-language-server/meta/LuaJIT%20en-us%20utf8/jit/util.lua
[02:10:13.132][info] [#0:script\workspace\loading.lua:101]: Preload file at: file:///c%3A/Program%20Files/Neovim/share/nvim/runtime/syntax/query.lua , size = 0.140 KB
[02:10:13.132][info] [#0:script\workspace\loading.lua:113]: ++++As library of:	file:///c%3A/Program%20Files/Neovim/share/nvim/runtime
[02:10:13.132][info] [#0:script\workspace\loading.lua:101]: Preload file at: file:///c%3A/Users/anshu/AppData/Local/nvim-data/mason/packages/lua-language-server/meta/LuaJIT%20en-us%20utf8/builtin.lua , size = 0.302 KB
[02:10:13.133][info] [#0:script\workspace\loading.lua:113]: ++++As library of:	file:///c%3A/Users/anshu/AppData/Local/nvim-data/mason/packages/lua-language-server/meta/LuaJIT%20en-us%20utf8/builtin.lua
[02:10:13.133][info] [#0:script\workspace\loading.lua:101]: Preload file at: file:///c%3A/Users/anshu/AppData/Local/nvim-data/mason/packages/lua-language-server/meta/LuaJIT%20en-us%20utf8/package.lua , size = 2.699 KB
[02:10:13.134][info] [#0:script\workspace\loading.lua:113]: ++++As library of:	file:///c%3A/Users/anshu/AppData/Local/nvim-data/mason/packages/lua-language-server/meta/LuaJIT%20en-us%20utf8/package.lua
[02:10:13.134][info] [#0:script\workspace\loading.lua:101]: Preload file at: file:///c%3A/Users/anshu/AppData/Local/nvim-data/mason/packages/lua-language-server/meta/LuaJIT%20en-us%20utf8/os.lua , size = 5.600 KB
[02:10:13.137][info] [#0:script\workspace\loading.lua:113]: ++++As library of:	file:///c%3A/Users/anshu/AppData/Local/nvim-data/mason/packages/lua-language-server/meta/LuaJIT%20en-us%20utf8/os.lua
[02:10:13.137][info] [#0:script\workspace\loading.lua:101]: Preload file at: file:///c%3A/Users/anshu/AppData/Local/nvim-data/mason/packages/lua-language-server/meta/LuaJIT%20en-us%20utf8/string/buffer.lua , size = 18.123 KB
[02:10:13.140][info] [#0:script\workspace\loading.lua:113]: ++++As library of:	file:///c%3A/Users/anshu/AppData/Local/nvim-data/mason/packages/lua-language-server/meta/LuaJIT%20en-us%20utf8/string/buffer.lua
[02:10:13.140][info] [#0:script\workspace\loading.lua:101]: Preload file at: file:///c%3A/Users/anshu/AppData/Local/nvim-data/mason/packages/lua-language-server/meta/LuaJIT%20en-us%20utf8/jit/profile.lua , size = 0.348 KB
[02:10:13.141][info] [#0:script\workspace\loading.lua:113]: ++++As library of:	file:///c%3A/Users/anshu/AppData/Local/nvim-data/mason/packages/lua-language-server/meta/LuaJIT%20en-us%20utf8/jit/profile.lua
[02:10:13.141][info] [#0:script\workspace\loading.lua:101]: Preload file at: file:///c%3A/Users/anshu/AppData/Local/nvim-data/lazy/nvim-treesitter/scripts/check-queries.lua , size = 3.583 KB
[02:10:13.143][info] [#0:script\workspace\loading.lua:101]: Preload file at: file:///c%3A/Users/anshu/AppData/Local/nvim-data/lazy/nvim-treesitter/scripts/minimal_init.lua , size = 0.500 KB
[02:10:13.144][info] [#0:script\workspace\loading.lua:101]: Preload file at: file:///c%3A/Users/anshu/AppData/Local/nvim-data/lazy/nvim-treesitter/scripts/format-queries.lua , size = 11.538 KB
[02:10:13.148][info] [#0:script\workspace\loading.lua:101]: Preload file at: file:///c%3A/Users/anshu/AppData/Local/nvim-data/lazy/nvim-treesitter/scripts/write-lockfile.lua , size = 0.352 KB
[02:10:13.148][info] [#0:script\workspace\loading.lua:101]: Preload file at: file:///c%3A/Users/anshu/AppData/Local/nvim-data/lazy/nvim-treesitter/scripts/update-readme.lua , size = 1.601 KB
[02:10:13.149][info] [#0:script\workspace\loading.lua:101]: Preload file at: file:///c%3A/Users/anshu/AppData/Local/nvim-data/lazy/nvim-treesitter/tests/indent/algorithm_spec.lua , size = 0.782 KB
[02:10:13.150][info] [#0:script\workspace\loading.lua:101]: Preload file at: file:///c%3A/Users/anshu/AppData/Local/nvim-data/lazy/nvim-treesitter/tests/indent/capnp_spec.lua , size = 1.145 KB
[02:10:13.150][info] [#0:script\workspace\loading.lua:101]: Preload file at: file:///c%3A/Users/anshu/AppData/Local/nvim-data/lazy/nvim-treesitter/tests/indent/cpp_spec.lua , size = 2.422 KB
[02:10:13.152][info] [#0:script\workspace\loading.lua:101]: Preload file at: file:///c%3A/Users/anshu/AppData/Local/nvim-data/lazy/nvim-treesitter/tests/indent/css_spec.lua , size = 0.600 KB
[02:10:13.152][info] [#0:script\workspace\loading.lua:101]: Preload file at: file:///c%3A/Users/anshu/AppData/Local/nvim-data/lazy/nvim-treesitter/tests/indent/common.lua , size = 6.410 KB
[02:10:13.155][info] [#0:script\workspace\loading.lua:101]: Preload file at: file:///c%3A/Users/anshu/AppData/Local/nvim-data/lazy/nvim-treesitter/tests/indent/c_spec.lua , size = 3.652 KB
[02:10:13.157][info] [#0:script\workspace\loading.lua:101]: Preload file at: file:///c%3A/Users/anshu/AppData/Local/nvim-data/lazy/nvim-treesitter/tests/indent/dart_spec.lua , size = 1.759 KB
[02:10:13.158][info] [#0:script\workspace\loading.lua:101]: Preload file at: file:///c%3A/Users/anshu/AppData/Local/nvim-data/lazy/nvim-treesitter/tests/indent/gdscript_spec.lua , size = 0.460 KB
[02:10:13.159][info] [#0:script\workspace\loading.lua:101]: Preload file at: file:///c%3A/Users/anshu/AppData/Local/nvim-data/lazy/nvim-treesitter/tests/indent/dot_spec.lua , size = 0.814 KB
[02:10:13.159][info] [#0:script\workspace\loading.lua:101]: Preload file at: file:///c%3A/Users/anshu/AppData/Local/nvim-data/lazy/nvim-treesitter/tests/indent/go_spec.lua , size = 0.769 KB
[02:10:13.160][info] [#0:script\workspace\loading.lua:101]: Preload file at: file:///c%3A/Users/anshu/AppData/Local/nvim-data/lazy/nvim-treesitter/tests/indent/gleam_spec.lua , size = 7.648 KB
[02:10:13.164][info] [#0:script\workspace\loading.lua:101]: Preload file at: file:///c%3A/Users/anshu/AppData/Local/nvim-data/lazy/nvim-treesitter/tests/indent/graphql_spec.lua , size = 0.418 KB
[02:10:13.164][info] [#0:script\workspace\loading.lua:101]: Preload file at: file:///c%3A/Users/anshu/AppData/Local/nvim-data/lazy/nvim-treesitter/tests/indent/html_spec.lua , size = 1.429 KB
[02:10:13.165][info] [#0:script\workspace\loading.lua:101]: Preload file at: file:///c%3A/Users/anshu/AppData/Local/nvim-data/lazy/nvim-treesitter/tests/indent/javascript_spec.lua , size = 3.033 KB
[02:10:13.167][info] [#0:script\workspace\loading.lua:101]: Preload file at: file:///c%3A/Users/anshu/AppData/Local/nvim-data/lazy/nvim-treesitter/tests/indent/java_spec.lua , size = 1.753 KB
[02:10:13.168][info] [#0:script\workspace\loading.lua:101]: Preload file at: file:///c%3A/Users/anshu/AppData/Local/nvim-data/lazy/nvim-treesitter/tests/indent/jsx_spec.lua , size = 1.003 KB
[02:10:13.168][info] [#0:script\workspace\loading.lua:101]: Preload file at: file:///c%3A/Users/anshu/AppData/Local/nvim-data/lazy/nvim-treesitter/tests/indent/julia_spec.lua , size = 0.375 KB
[02:10:13.169][info] [#0:script\workspace\loading.lua:101]: Preload file at: file:///c%3A/Users/anshu/AppData/Local/nvim-data/lazy/nvim-treesitter/tests/indent/lua/comment.lua , size = 0.049 KB
[02:10:13.169][info] [#0:script\workspace\loading.lua:101]: Preload file at: file:///c%3A/Users/anshu/AppData/Local/nvim-data/lazy/nvim-treesitter/tests/indent/lua/cond.lua , size = 0.124 KB
[02:10:13.169][info] [#0:script\workspace\loading.lua:101]: Preload file at: file:///c%3A/Users/anshu/AppData/Local/nvim-data/lazy/nvim-treesitter/tests/indent/lua/func.lua , size = 0.111 KB
[02:10:13.169][info] [#0:script\workspace\loading.lua:101]: Preload file at: file:///c%3A/Users/anshu/AppData/Local/nvim-data/lazy/nvim-treesitter/tests/indent/lua/loop.lua , size = 0.116 KB
[02:10:13.170][info] [#0:script\workspace\loading.lua:101]: Preload file at: file:///c%3A/Users/anshu/AppData/Local/nvim-data/lazy/nvim-treesitter/tests/indent/lua/method_index_expr.lua , size = 0.031 KB
[02:10:13.170][info] [#0:script\workspace\loading.lua:101]: Preload file at: file:///c%3A/Users/anshu/AppData/Local/nvim-data/lazy/nvim-treesitter/tests/indent/lua/nested-table.lua , size = 0.043 KB
[02:10:13.170][info] [#0:script\workspace\loading.lua:101]: Preload file at: file:///c%3A/Users/anshu/AppData/Local/nvim-data/lazy/nvim-treesitter/tests/indent/lua/no-indent-after-paren-pairs.lua , size = 0.063 KB
[02:10:13.170][info] [#0:script\workspace\loading.lua:101]: Preload file at: file:///c%3A/Users/anshu/AppData/Local/nvim-data/lazy/nvim-treesitter/tests/indent/lua/string.lua , size = 0.040 KB
[02:10:13.170][info] [#0:script\workspace\loading.lua:101]: Preload file at: file:///c%3A/Users/anshu/AppData/Local/nvim-data/lazy/nvim-treesitter/tests/indent/lua/table.lua , size = 0.094 KB
[02:10:13.171][info] [#0:script\workspace\loading.lua:101]: Preload file at: file:///c%3A/Users/anshu/AppData/Local/nvim-data/lazy/nvim-treesitter/tests/indent/lua_spec.lua , size = 2.502 KB
[02:10:13.174][info] [#0:script\workspace\loading.lua:101]: Preload file at: file:///c%3A/Users/anshu/AppData/Local/nvim-data/lazy/nvim-treesitter/tests/indent/meson_spec.lua , size = 1.041 KB
[02:10:13.175][info] [#0:script\workspace\loading.lua:101]: Preload file at: file:///c%3A/Users/anshu/AppData/Local/nvim-data/lazy/nvim-treesitter/tests/indent/nickel_spec.lua , size = 0.977 KB
[02:10:13.175][info] [#0:script\workspace\loading.lua:101]: Preload file at: file:///c%3A/Users/anshu/AppData/Local/nvim-data/lazy/nvim-treesitter/tests/indent/nix_spec.lua , size = 0.841 KB
[02:10:13.176][info] [#0:script\workspace\loading.lua:101]: Preload file at: file:///c%3A/Users/anshu/AppData/Local/nvim-data/lazy/nvim-treesitter/tests/indent/php_spec.lua , size = 4.374 KB
[02:10:13.179][info] [#0:script\workspace\loading.lua:101]: Preload file at: file:///c%3A/Users/anshu/AppData/Local/nvim-data/lazy/nvim-treesitter/tests/indent/ql_spec.lua , size = 0.562 KB
[02:10:13.181][info] [#0:script\workspace\loading.lua:101]: Preload file at: file:///c%3A/Users/anshu/AppData/Local/nvim-data/lazy/nvim-treesitter/tests/indent/query_spec.lua , size = 0.960 KB
[02:10:13.182][info] [#0:script\workspace\loading.lua:101]: Preload file at: file:///c%3A/Users/anshu/AppData/Local/nvim-data/lazy/nvim-treesitter/tests/indent/python_spec.lua , size = 6.122 KB
[02:10:13.185][info] [#0:script\workspace\loading.lua:101]: Preload file at: file:///c%3A/Users/anshu/AppData/Local/nvim-data/lazy/nvim-treesitter/tests/indent/ruby_spec.lua , size = 0.774 KB
[02:10:13.187][info] [#0:script\workspace\loading.lua:101]: Preload file at: file:///c%3A/Users/anshu/AppData/Local/nvim-data/lazy/nvim-treesitter/tests/indent/rust_spec.lua , size = 4.068 KB
[02:10:13.304][info] [#0:script\workspace\loading.lua:101]: Preload file at: file:///c%3A/Users/anshu/AppData/Local/nvim-data/lazy/nvim-treesitter/tests/indent/r_spec.lua , size = 1.656 KB
[02:10:13.306][info] [#0:script\workspace\loading.lua:101]: Preload file at: file:///c%3A/Users/anshu/AppData/Local/nvim-data/lazy/nvim-treesitter/tests/indent/smali_spec.lua , size = 1.003 KB
[02:10:13.307][info] [#0:script\workspace\loading.lua:101]: Preload file at: file:///c%3A/Users/anshu/AppData/Local/nvim-data/lazy/nvim-treesitter/tests/indent/sql_spec.lua , size = 0.410 KB
[02:10:13.307][info] [#0:script\workspace\loading.lua:101]: Preload file at: file:///c%3A/Users/anshu/AppData/Local/nvim-data/lazy/nvim-treesitter/tests/indent/swift_spec.lua , size = 0.937 KB
[02:10:13.308][info] [#0:script\workspace\loading.lua:101]: Preload file at: file:///c%3A/Users/anshu/AppData/Local/nvim-data/lazy/nvim-treesitter/tests/indent/t32_spec.lua , size = 3.692 KB
[02:10:13.311][info] [#0:script\workspace\loading.lua:101]: Preload file at: file:///c%3A/Users/anshu/AppData/Local/nvim-data/lazy/nvim-treesitter/tests/indent/terraform_spec.lua , size = 1.896 KB
[02:10:13.313][info] [#0:script\workspace\loading.lua:101]: Preload file at: file:///c%3A/Users/anshu/AppData/Local/nvim-data/lazy/nvim-treesitter/tests/indent/usd_spec.lua , size = 0.527 KB
[02:10:13.314][info] [#0:script\workspace\loading.lua:101]: Preload file at: file:///c%3A/Users/anshu/AppData/Local/nvim-data/lazy/nvim-treesitter/tests/indent/tiger_spec.lua , size = 5.885 KB
[02:10:13.345][info] [#0:script\workspace\loading.lua:101]: Preload file at: file:///c%3A/Users/anshu/AppData/Local/nvim-data/lazy/nvim-treesitter/tests/indent/vue_spec.lua , size = 0.573 KB
[02:10:13.346][info] [#0:script\workspace\loading.lua:101]: Preload file at: file:///c%3A/Users/anshu/AppData/Local/nvim-data/lazy/nvim-treesitter/tests/indent/wgsl_spec.lua , size = 0.412 KB
[02:10:13.346][info] [#0:script\workspace\loading.lua:101]: Preload file at: file:///c%3A/Users/anshu/AppData/Local/nvim-data/lazy/nvim-treesitter/tests/indent/yaml_spec.lua , size = 0.576 KB
[02:10:13.347][info] [#0:script\workspace\loading.lua:101]: Preload file at: file:///c%3A/Users/anshu/AppData/Local/nvim-data/lazy/nvim-treesitter/tests/indent/yuck_spec.lua , size = 0.500 KB
[02:10:13.347][info] [#0:script\workspace\loading.lua:101]: Preload file at: file:///c%3A/Users/anshu/AppData/Local/nvim-data/lazy/nvim-treesitter/tests/indent/zig_spec.lua , size = 0.561 KB
[02:10:13.348][info] [#0:script\workspace\loading.lua:101]: Preload file at: file:///c%3A/Users/anshu/AppData/Local/nvim-data/lazy/nvim-treesitter/tests/indent/yang_spec.lua , size = 0.704 KB
[02:10:13.349][info] [#0:script\workspace\loading.lua:101]: Preload file at: file:///c%3A/Users/anshu/AppData/Local/nvim-data/lazy/nvim-treesitter/tests/query/highlights/lua/test.lua , size = 0.361 KB
[02:10:13.349][info] [#0:script\workspace\loading.lua:101]: Preload file at: file:///c%3A/Users/anshu/AppData/Local/nvim-data/lazy/nvim-treesitter/tests/query/highlights_spec.lua , size = 3.592 KB
[02:10:13.351][info] [#0:script\workspace\loading.lua:101]: Preload file at: file:///c%3A/Users/anshu/AppData/Local/nvim-data/lazy/nvim-treesitter/tests/query/injection_spec.lua , size = 2.444 KB
[02:10:13.353][info] [#0:script\workspace\loading.lua:101]: Preload file at: file:///c%3A/Users/anshu/AppData/Local/nvim-data/lazy/nvim-treesitter/tests/unit/ts_utils_spec.lua , size = 2.771 KB
[02:10:13.461][info] [#0:script\workspace\loading.lua:173]: Loaded files takes [0.633] sec: file:///c%3A/Users/anshu/AppData/Local/nvim-data/lazy/nvim-treesitter
[02:10:13.461][info] [#0:script\workspace\loading.lua:182]: Compile files takes [0.000] sec: file:///c%3A/Users/anshu/AppData/Local/nvim-data/lazy/nvim-treesitter
[02:10:13.461][info] [#0:script\workspace\loading.lua:183]: Loaded finish:	file:///c%3A/Users/anshu/AppData/Local/nvim-data/lazy/nvim-treesitter
[02:10:13.461][info] [#0:script\workspace\workspace.lua:381]: Preload finish at:	file:///c%3A/Users/anshu/AppData/Local/nvim-data/lazy/nvim-treesitter
[02:10:13.475][warn] [#0:script\proto\proto.lua:187]: Method [textDocument/didOpen] takes [1.706]sec. {
  jsonrpc = "2.0",
  method = "textDocument/didOpen",
  params = {
    textDocument = {
      languageId = "lua",
      text = '"***"',
      uri = "file:///C:/Users/anshu/AppData/Local/nvim-data/lazy/nvim-treesitter/plugin/nvim-treesitter.lua",
      version = 0
    }
  }
}
[02:10:13.483][info] [#0:script\provider\diagnostic.lua:560]: Diagnostics scope [file:///c%3A/Users/anshu/AppData/Local/nvim-data/lazy/nvim-treesitter], files count:[141]
[02:10:13.485][warn] [#0:script\proto\proto.lua:187]: Method [textDocument/semanticTokens/full] takes [1.458]sec. {
  id = 16,
  jsonrpc = "2.0",
  method = "textDocument/semanticTokens/full",
  params = {
    textDocument = {
      uri = "file:///C:/Users/anshu/AppData/Local/nvim-data/lazy/nvim-treesitter/plugin/nvim-treesitter.lua"
    }
  }
}
[02:10:13.486][warn] [#0:script\proto\proto.lua:187]: Method [textDocument/inlayHint] takes [1.461]sec. {
  id = 7,
  jsonrpc = "2.0",
  method = "textDocument/inlayHint",
  params = {
    range = {
      end = {
        character = 0,
        line = 34
      },
      start = {
        character = 0,
        line = 0
      }
    },
    textDocument = {
      uri = "file:///C:/Users/anshu/AppData/Local/nvim-data/lazy/nvim-treesitter/plugin/nvim-treesitter.lua"
    }
  }
}
[02:10:13.487][warn] [#0:script\proto\proto.lua:187]: Method [textDocument/inlayHint] takes [1.461]sec. {
  id = 9,
  jsonrpc = "2.0",
  method = "textDocument/inlayHint",
  params = {
    range = {
      end = {
        character = 0,
        line = 34
      },
      start = {
        character = 0,
        line = 0
      }
    },
    textDocument = {
      uri = "file:///C:/Users/anshu/AppData/Local/nvim-data/lazy/nvim-treesitter/plugin/nvim-treesitter.lua"
    }
  }
}
[02:10:13.487][warn] [#0:script\proto\proto.lua:187]: Method [textDocument/inlayHint] takes [1.461]sec. {
  id = 11,
  jsonrpc = "2.0",
  method = "textDocument/inlayHint",
  params = {
    range = {
      end = {
        character = 0,
        line = 34
      },
      start = {
        character = 0,
        line = 0
      }
    },
    textDocument = {
      uri = "file:///C:/Users/anshu/AppData/Local/nvim-data/lazy/nvim-treesitter/plugin/nvim-treesitter.lua"
    }
  }
}
[02:10:13.487][warn] [#0:script\proto\proto.lua:187]: Method [textDocument/inlayHint] takes [1.461]sec. {
  id = 13,
  jsonrpc = "2.0",
  method = "textDocument/inlayHint",
  params = {
    range = {
      end = {
        character = 0,
        line = 34
      },
      start = {
        character = 0,
        line = 0
      }
    },
    textDocument = {
      uri = "file:///C:/Users/anshu/AppData/Local/nvim-data/lazy/nvim-treesitter/plugin/nvim-treesitter.lua"
    }
  }
}
[02:10:13.487][warn] [#0:script\proto\proto.lua:187]: Method [textDocument/inlayHint] takes [1.461]sec. {
  id = 15,
  jsonrpc = "2.0",
  method = "textDocument/inlayHint",
  params = {
    range = {
      end = {
        character = 0,
        line = 34
      },
      start = {
        character = 0,
        line = 0
      }
    },
    textDocument = {
      uri = "file:///C:/Users/anshu/AppData/Local/nvim-data/lazy/nvim-treesitter/plugin/nvim-treesitter.lua"
    }
  }
}
[02:10:13.487][warn] [#0:script\proto\proto.lua:187]: Method [textDocument/inlayHint] takes [1.460]sec. {
  id = 17,
  jsonrpc = "2.0",
  method = "textDocument/inlayHint",
  params = {
    range = {
      end = {
        character = 0,
        line = 34
      },
      start = {
        character = 0,
        line = 0
      }
    },
    textDocument = {
      uri = "file:///C:/Users/anshu/AppData/Local/nvim-data/lazy/nvim-treesitter/plugin/nvim-treesitter.lua"
    }
  }
}
[02:10:13.487][warn] [#0:script\proto\proto.lua:187]: Method [textDocument/documentSymbol] takes [1.605]sec. {
  id = 5,
  jsonrpc = "2.0",
  method = "textDocument/documentSymbol",
  params = {
    textDocument = {
      uri = "file:///C:/Users/anshu/AppData/Local/nvim-data/lazy/nvim-treesitter/plugin/nvim-treesitter.lua"
    }
  }
}
[02:10:13.733][info] [#0:script\provider\diagnostic.lua:577]: Diagnostics scope [file:///c%3A/Users/anshu/AppData/Local/nvim-data/lazy/nvim-treesitter] finished, takes [0.250] sec.
[02:10:32.996][info] [#0:script\provider\provider.lua:169]: Server shutdown.
[02:10:33.101][info] [#0:script\provider\provider.lua:162]: Server exited.
